1 2 
1 2 
1.7875 2.0125 
1 2 
1 2 
1.525 2.00833 
1.43003 2.00683 
1.57975 2.0092 
1.18261 2.0029 
1.16449 2.00261 
2.77238 2.02813 
2.0134 2.01609 
1.4621 2.00733 
2.14806 2.01822 
1.49606 2.00787 
1.54783 2.0087 
1.45 2.00714 
2.3186 2.02093 
1.50299 2.00798 
1.98054 2.01556 
1.38028 2.00604 
1.88421 2.01404 
1.46069 2.00731 
2.38462 2.02198 
1.6506 2.01033 
1.62895 2.00998 
1.74889 2.01189 
2.18125 2.01875 
2.56138 2.01048 
2.23903 2.01967 
1.82174 2.01304 
1.67123 2.01065 
2.03125 2.01637 
2.09639 2.0174 
1.91304 2.01449 
2.64769 2.02615 
1.89362 2.01418 
1.89362 2.01418 
1.82413 2.01308 
2.03704 2.01646 
2.36167 2.02161 
2.39806 2.02219 
2.18868 2.01887 
2.15951 2.0184 
2.65789 2.02632 
2.18868 2.01887 
3.02083 2.01786 
2.01613 2.01613 
1.99526 2.0158 
1.9633 2.01529 
1.72059 2.01144 
4.05246 2.03279 
1.87231 2.01385 
1.74118 2.01176 
2.59746 2.02536 
2.08962 2.0173 
2.14719 2.01821 
1.95777 2.0152 
1.83444 2.01325 
4.53707 2.02723 
1.84281 2.01338 
1.9633 2.01529 
2.05319 2.01672 
1.63529 2.01008 
1.65919 2.01046 
2.09407 2.01737 
2.45467 2.00976 
2.5663 2.02486 
2.09786 2.01743 
2.37838 2.02188 
1.65625 2.01042 
2.023 2.01624 
1.5115 2.00812 
2.03138 2.01637 
1.33645 2.00534 
1.88359 2.01403 
2.03671 2.01646 
2.02162 2.01622 
1.90258 2.01433 
2.2233 2.01942 
3.21316 2.02146 
2.74738 2.01345 
2.52347 2.02418 
2.01477 2.01611 
1.5115 2.00812 
2.04709 2.01662 
2.39227 2.0221 
2.596 2.02533 
1.8642 2.01372 
2.03704 2.01646 
2.27358 2.02022 
2.29397 2.02054 
2.80826 2.01598 
1.82174 2.01304 
2.9573 2.01791 
2.17131 2.01859 
4.00528 2.02246 
2.20657 2.01915 
2.28571 2.02041 
2.51485 2.02405 
3.73421 2.02937 
2.37555 2.02183 
2.3125 2.02083 
2.04331 2.01656 
2.0527 2.01671 
2.21992 2.01936 
1.71897 2.01141 
2.64339 2.01189 
2.41892 2.02252 
1.76415 2.01213 
1.71186 2.0113 
2.02578 2.01628 
3.50325 2.02731 
2.5 2.02381 
1.91304 2.01449 
2.02439 2.01626 
1.98953 2.01571 
2.28198 2.02035 
3.14096 2.02128 
2.57916 2.02507 
2.01477 2.01611 
1.97743 2.01551 
3.34972 2.02388 
2.22161 2.01939 
2.77215 2.02813 
2.73227 2.0275 
2.73554 2.02755 
2.58902 2.02522 
1.81936 2.01301 
2.90909 2.0303 
1.98859 2.01569 
2.77465 2.02817 
2.7149 2.02722 
2.44413 2.02292 
3.4712 2.02511 
3.77378 2.03026 
2.47318 2.02338 
2.20327 2.0191 
2.4039 2.02228 
1.92511 2.01468 
3.34595 2.02432 
2.575 2.025 
2.5663 2.02486 
2.55769 2.02473 
3.11126 2.03351 
2.45516 2.0231 
2.159 2.0184 
2.52011 2.02413 
2.65354 2.02625 
2.08333 2.0172 
2.05951 2.01682 
2.76636 2.02804 
2.14101 2.01811 
3.21458 2.02201 
2.19512 2.01897 
1.51639 2.0082 
2.61538 2.02564 
2.46087 2.02319 
1.66667 2.01058 
2.48144 2.02351 
2.38015 2.02191 
2.28571 2.02041 
2.44217 2.02289 
2.21309 2.01926 
2.04066 2.01652 
2.51807 2.0241 
2.26676 2.02011 
7.1284 2.01686 
2.22777 2.01949 
1.72046 2.01144 
1.49671 2.00788 
1.80198 2.01273 
2.00398 2.01594 
2.159 2.0184 
1.88846 2.0141 
1.86625 2.01375 
2.00738 2.01599 
2.08487 2.01722 
2.36134 2.02161 
2.0173 2.01615 
1.93068 2.01477 
2.28726 2.02043 
2.21154 2.01923 
2.07264 2.01703 
2.11834 2.01775 
1.82012 2.01302 
1.58401 2.00927 
2.2811 2.02033 
1.75995 2.01206 
1.61165 2.00971 
2.76923 2.02808 
3.3578 2.0249 
1.86842 2.01378 
2.19512 2.01897 
2.26906 2.02014 
2.20382 2.01911 
1.97059 2.01541 
1.80085 2.01271 
1.7919 2.01257 
2.11277 2.01766 
1.69421 2.01102 
2.65103 2.02621 
2.26 2.02 
1.52138 2.00828 
1.66616 2.01057 
1.9224 2.01464 
3.66124 2.02811 
1.87017 2.01381 
2.63636 2.02597 
2.11504 2.0177 
2.18696 2.01884 
2.83688 2.0156 
2.125 2.01786 
2.1981 2.01902 
1.94453 2.01499 
1.9625 2.01528 
2.39381 2.02212 
2.54101 2.02446 
1.85909 2.01364 
1.64948 2.01031 
1.8326 2.01322 
1.98159 2.01558 
2.14385 2.01816 
2.05734 2.01678 
2.08621 2.01724 
1.54467 2.00865 
2.36561 2.02168 
1.63181 2.01003 
1.7886 2.01252 
1.38769 2.00615 
2.10081 2.01747 
2.24401 2.01975 
2.00265 2.01592 
2.14067 2.01811 
2.11504 2.0177 
2.08621 2.01724 
2.87963 2.0172 
2.28922 2.02046 
2.67504 2.02659 
2.14385 2.01816 
2.23529 2.01961 
2.08934 2.01729 
2.21655 2.01931 
2.23716 2.01964 
2.71299 2.02719 
2.14894 2.01824 
2.0711 2.017 
2.64264 2.02607 
1.76018 2.01207 
1.96626 2.01534 
2.53219 2.02432 
3.34027 2.03715 
2.42105 2.02256 
1.98859 2.01569 
2.37555 2.02183 
2.39381 2.02212 
2.36364 2.02165 
2.19243 2.01893 
2.4 2.02222 
2.54707 2.02456 
2.9912 2.0176 
1.69122 2.01097 
3.45198 2.02542 
1.93522 2.01484 
2.37956 2.0219 
3.12792 2.02063 
2.20844 2.01918 
1.85598 2.01359 
2.31765 2.02092 
3.56828 2.02759 
3.55418 2.02743 
1.86777 2.01377 
3.19842 2.02234 
3.34694 2.02332 
2.16667 2.01852 
2.34379 2.02133 
2.01111 2.01605 
1.81501 2.01294 
2.51519 2.02405 
2.4474 2.02297 
1.84337 2.01339 
2.17246 2.01861 
2.21778 2.01933 
2.34717 2.02138 
2.41854 2.02252 
1.95192 2.01511 
2.5 2.02381 
1.87017 2.01381 
2.65789 2.02632 
2.76966 2.02809 
2.41854 2.02252 
2.97078 2.01859 
2.45385 2.02308 
1.77111 2.01224 
2.4979 2.02378 
2.6051 2.02548 
2.40586 2.02232 
2.33865 2.02125 
2.23703 2.01964 
2.19674 2.019 
2.02247 2.01623 
2.05951 2.01682 
2.44534 2.02294 
1.80153 2.01272 
2.71373 2.0272 
1.89651 2.01423 
1.63396 2.01006 
2.31765 2.02092 
2.26337 2.02005 
2.05951 2.01682 
2.4242 2.02261 
2.18719 2.01884 
2.18421 2.0188 
2.00986 2.01603 
1.81722 2.01297 
2.5 2.02381 
3.90678 2.023 
2.68278 2.01487 
2.29661 2.02058 
1.68894 2.01094 
2.90668 2.03026 
2.60331 2.01417 
1.85767 2.01361 
2.15385 2.01832 
2.01993 2.01619 
2.29397 2.02054 
2.08765 2.01726 
2.21778 2.01933 
1.9802 2.01556 
2.97603 2.01864 
3.07311 2.02107 
2.84545 2.01688 
2.37621 2.02184 
2.34043 2.02128 
1.63079 2.01001 
1.99878 2.01585 
2.09838 2.01743 
1.98675 2.01566 
2.13445 2.01801 
1.68385 2.01085 
2.05677 2.01677 
1.64615 2.01026 
1.67833 2.01077 
3.93928 2.02196 
2.10388 2.01752 
1.97743 2.01551 
2.41854 2.02252 
1.99605 2.01581 
2.28244 2.02036 
2.16053 2.01842 
1.8129 2.0129 
1.88506 2.01405 
2.6107 2.01368 
2.20382 2.01911 
2.08477 2.01722 
1.78947 2.01253 
2.76786 2.02806 
2.08477 2.01722 
2.04331 2.01656 
2.57143 2.01276 
2.3057 2.02073 
1.75 2.0119 
2.96817 2.01857 
2.76593 2.0156 
2.05405 2.01673 
1.8046 2.01277 
1.68947 2.01094 
3.10198 2.01983 
1.55194 2.00876 
2.03138 2.01637 
2.03149 2.01637 
1.95939 2.01523 
2.16821 2.01854 
1.81606 2.01295 
1.91184 2.01447 
1.74901 2.01189 
2.14684 2.0182 
2.12788 2.0179 
1.78554 2.01247 
2.99736 2.0317 
1.875 2.01389 
1.71863 2.01141 
1.945 2.015 
2.34548 2.02136 
1.55402 2.00879 
2.27197 2.02019 
1.83293 2.01322 
1.96694 2.01535 
1.37455 2.00595 
2.15596 2.01835 
2.709 2.02713 
2.32386 2.02101 
2.08621 2.01724 
2.50756 2.02393 
2.85965 2.01754 
1.86517 2.01373 
1.8129 2.0129 
1.85556 2.01358 
1.90975 2.01444 
2.95007 2.0184 
2.0527 2.01671 
3.0117 2.01951 
1.73732 2.0117 
2.95007 2.0184 
3.16991 2.02205 
2.30065 2.02065 
2.04598 2.0166 
2.02632 2.01629 
2.16513 2.01849 
2.05135 2.01669 
1.96799 2.01536 
1.90826 2.01442 
2.3061 2.02073 
1.97548 2.01548 
1.90588 2.01438 
2.99613 2.01935 
1.97423 2.01546 
2.88889 2.01832 
2.35121 2.02145 
2.24291 2.01973 
2.54412 2.02451 
1.85135 2.01351 
3.07568 2.02109 
2.07169 2.01701 
1.77491 2.0123 
2.17684 2.01868 
2.4 2.02222 
2.00738 2.01599 
2.29976 2.02063 
2.01111 2.01605 
3.90155 2.03368 
1.89467 2.0142 
2.26506 2.02008 
2.75443 2.02785 
1.96923 2.01538 
2.09975 2.01746 
2.12932 2.01793 
2.76336 2.02799 
1.53978 2.00857 
2.00666 2.01598 
1.72229 2.01146 
2.092 2.01733 
1.82786 2.01314 
1.65455 2.01039 
2.13222 2.01797 
1.86066 2.01366 
2.43182 2.02273 
1.70787 2.01124 
2.19674 2.019 
3.0879 2.03314 
2.48456 2.01074 
2.24179 2.01971 
2.34043 2.02128 
1.95586 2.01517 
2.21823 2.01934 
1.9403 2.01493 
2.38462 2.02198 
4.22483 2.02483 
3.31467 2.024 
1.89489 2.0142 
2.35484 2.02151 
1.69806 2.01108 
2.53219 2.02432 
2.36364 2.02165 
1.80312 2.01275 
2.42776 2.02266 
1.5309 2.00843 
2.20619 2.01915 
1.93145 2.01478 
2.82249 2.01479 
2.14372 2.01815 
2.04709 2.01662 
2.56846 2.0249 
2.59482 2.01228 
2.3125 2.02083 
2.44275 2.0229 
1.9625 2.01528 
2.4 2.02222 
1.96518 2.01532 
1.97331 2.01545 
2.40195 2.02225 
1.98438 2.01562 
2.09565 2.01739 
2.11013 2.01762 
1.99569 2.0158 
2.12668 2.01788 
2.11277 2.01766 
2.38971 2.02206 
2.05 2.01667 
2.1519 2.01828 
2.95461 2.01788 
1.95323 2.01513 
2.01912 2.01618 
1.95455 2.01515 
2.12192 2.01781 
2.30525 2.02072 
2.21465 2.01928 
2.29231 2.02051 
2.0527 2.01671 
1.95817 2.01521 
1.85135 2.01351 
1.65285 2.01036 
2.20327 2.0191 
2.63424 2.02594 
2.125 2.01786 
2.0342 2.01642 
1.66229 2.01051 
2.02717 2.0163 
1.99343 2.01577 
2.58159 2.0251 
2.20988 2.0192 
1.72786 2.01155 
2.32222 2.02099 
2.75243 2.02782 
2.74769 2.02774 
2.03704 2.01646 
3.79213 2.0309 
2.12788 2.0179 
2.85267 2.01695 
1.80051 2.01271 
2.32632 2.02105 
1.97297 2.01544 
2.21309 2.01926 
2.65997 2.02635 
2.38062 2.02191 
1.98201 2.01559 
1.68894 2.01094 
2.06522 2.01691 
2.13993 2.01809 
1.95012 2.01508 
2.00614 2.01597 
2.2811 2.02033 
2.35161 2.02145 
2.62731 2.02583 
1.99514 2.0158 
2.912 2.01943 
2.10915 2.01761 
2.11046 2.01763 
1.8717 2.01384 
2.00862 2.01601 
2.27957 2.02031 
2.16811 2.01854 
2.45198 2.02305 
1.89467 2.0142 
1.51943 2.00824 
2.04731 2.01662 
2.29563 2.02057 
2.07824 2.01711 
1.69828 2.01108 
1.40909 2.00649 
2.3557 2.02152 
1.88941 2.01412 
2.08221 2.01718 
2.08088 2.01716 
1.76642 2.01217 
2.75 2.01546 
2.06265 2.01687 
2.15244 2.01829 
2.00862 2.01601 
1.95939 2.01523 
1.69315 2.011 
2.54054 2.02445 
2.01111 2.01605 
2.11046 2.01763 
1.90431 2.01435 
2.31897 2.02094 
2.04132 2.01653 
1.68561 2.01088 
1.82206 2.01305 
1.91748 2.01456 
1.79848 2.01267 
1.81606 2.01295 
1.72137 2.01145 
1.84926 2.01348 
1.72973 2.01158 
2.17246 2.01861 
2.13718 2.01805 
2.10665 2.01757 
2.13592 2.01803 
1.63556 2.01009 
2.01993 2.01619 
2.10804 2.01759 
1.84677 2.01344 
2.67313 2.01421 
1.67742 2.01075 
2.159 2.0184 
2.02578 2.01628 
2.57939 2.02507 
2.19028 2.01889 
1.875 2.01389 
2.1962 2.01899 
1.72786 2.01155 
2.24291 2.01973 
2.12357 2.01783 
1.16645 2.00264 
1.94856 2.01506 
2.52484 2.0242 
3.12579 2.0216 
2.12071 2.01779 
2.96102 2.01949 
3.12225 2.022 
2.55647 2.02471 
2.09838 2.01743 
2.1025 2.0175 
1.82012 2.01302 
2.15809 2.01838 
2.10388 2.01752 
2.05502 2.01675 
2.00122 2.01589 
2.48327 2.02354 
1.77396 2.01229 
2.60753 2.02552 
2.21739 2.01932 
1.96675 2.01535 
3.62949 2.02949 
1.64615 2.01026 
2.50188 2.02384 
1.77778 2.01235 
1.65116 2.01034 
2.01739 2.01615 
2.63212 2.02591 
2.0354 2.01643 
1.89075 2.01414 
1.96675 2.01535 
2.709 2.02713 
1.92308 2.01465 
2.39827 2.02219 
2.50188 2.02384 
1.68727 2.01091 
2.24291 2.01973 
3.04717 2.02123 
1.70875 2.01125 
1.96429 2.01531 
1.55894 2.00887 
1.84823 2.01346 
1.96466 2.01531 
2.08755 2.01726 
2.71899 2.01519 
1.85767 2.01361 
2.36086 2.0216 
2.01866 2.01617 
1.68149 2.01082 
1.46041 2.00731 
1.85327 2.01354 
1.68561 2.01088 
2.22182 2.01939 
1.73857 2.01172 
1.90865 2.01442 
2.26148 2.02002 
1.71591 2.01136 
2.45976 2.02317 
1.96694 2.01535 
2.06651 2.01693 
2.14937 2.01824 
2.05882 2.01681 
2.36791 2.02171 
1.77874 2.01236 
2.01739 2.01615 
2.02797 2.01632 
2.02678 2.0163 
2.02889 2.01633 
1.37367 2.00593 
1.60215 2.00956 
1.8545 2.01356 
1.91636 2.01455 
1.94856 2.01506 
1.68149 2.01082 
2.58355 2.01285 
1.99153 2.01574 
1.78261 2.01242 
1.6087 2.00966 
1.37634 2.00597 
2.09838 2.01743 
1.61538 2.00977 
1.85031 2.0135 
1.76549 2.01215 
1.81395 2.01292 
1.86777 2.01377 
2.37705 2.02186 
2.023 2.01624 
2.10976 2.01762 
1.41888 2.00665 
1.97172 2.01542 
1.86517 2.01373 
1.78532 2.01247 
2.20988 2.0192 
2.42042 2.02255 
1.8598 2.01365 
2.33099 2.02113 
1.68313 2.01084 
2.86432 2.01759 
1.3115 2.00494 
1.48399 2.00768 
1.92989 2.01476 
2.09565 2.01739 
1.77874 2.01236 
1.90431 2.01435 
2.57313 2.02497 
2.21008 2.01921 
1.90707 2.0144 
1.9368 2.01487 
1.93797 2.01489 
1.80301 2.01275 
1.61916 2.00983 
1.55194 2.00876 
2.575 2.025 
1.97849 2.01553 
1.92308 2.01465 
1.81818 2.01299 
1.8968 2.01423 
2.97288 2.02005 
2.12233 2.01781 
2.39655 2.02217 
1.95334 2.01513 
1.83394 2.01324 
2.37789 2.02187 
1.94856 2.01506 
2.00614 2.01597 
1.78067 2.01239 
1.70522 2.01119 
2.1857 2.01882 
2.71479 2.02722 
2.10804 2.01759 
1.70087 2.01112 
2.1157 2.01771 
2.20574 2.01914 
2.24907 2.01983 
2.09429 2.01737 
1.8445 2.0134 
2.23529 2.01961 
2.18125 2.01875 
2.00245 2.01591 
2.10112 2.01748 
1.90539 2.01437 
2.05951 2.01682 
2.23207 2.01956 
2.34221 2.0213 
2.38911 2.02205 
2.08477 2.01722 
1.81712 2.01297 
1.65455 2.01039 
2.11364 2.01768 
2.49802 2.02378 
2.29452 2.02055 
3.34509 2.02519 
2.5838 2.02514 
2.69182 2.02685 
2.6351 2.01389 
2.92175 2.0305 
2.10229 2.0175 
1.98824 2.01569 
2.05677 2.01677 
1.94382 2.01498 
2.45198 2.02305 
2.06651 2.01693 
2.42821 2.02267 
2.63849 2.02601 
1.98182 2.01558 
1.93333 2.01481 
1.53069 2.00842 
3.82609 2.02112 
2.05541 2.01675 
2.15809 2.01838 
1.76087 2.01208 
2.98223 2.02014 
2.20719 2.01916 
2.01993 2.01619 
2.09429 2.01737 
3.3273 2.02458 
1.84204 2.01337 
1.98824 2.01569 
2.22927 2.01951 
2.08487 2.01722 
2.76084 2.01611 
1.6758 2.01073 
1.93103 2.01478 
2.07561 2.01707 
2.8283 2.02902 
1.67986 2.01079 
2.35868 2.02157 
1.7875 2.0125 
3.03995 2.02115 
2.38863 2.02204 
2.01965 2.01618 
3.11449 2.02192 
2.07169 2.01701 
1.97967 2.01555 
1.78164 2.01241 
1.71142 2.01129 
2.48327 2.02354 
1.99474 2.01579 
2.27757 2.02028 
1.84615 2.01343 
1.65969 2.01047 
1.62069 2.00985 
2.03934 2.0165 
3.3447 2.02558 
3.90289 2.021 
2.19318 2.01894 
1.95566 2.01517 
2.36957 2.02174 
1.81434 2.01293 
1.90647 2.01439 
2.2233 2.01942 
1.89573 2.01422 
1.825 2.0131 
1.89467 2.0142 
1.81081 2.01287 
2.09701 2.01741 
2.24598 2.01978 
2.56328 2.02481 
2.125 2.01786 
2.11702 2.01773 
2.90083 2.01889 
1.97047 2.0154 
2.54918 2.02459 
2.09294 2.01735 
2.27112 2.02018 
1.71411 2.01134 
1.69231 2.01099 
1.91525 2.01453 
2.05405 2.01673 
2.19318 2.01894 
2.01477 2.01611 
1.93775 2.01488 
1.84791 2.01346 
2.18696 2.01884 
2.18524 2.01881 
2.4359 2.02279 
1.92511 2.01468 
2.21154 2.01923 
1.74118 2.01176 
2.16833 2.01854 
2.23876 2.01966 
2.07692 2.01709 
2.08621 2.01724 
1.97674 2.0155 
2.10688 2.01757 
2.05802 2.01679 
2.26389 2.02006 
4.33133 2.0241 
1.96923 2.01538 
2.38158 2.02193 
1.92784 2.01473 
1.92784 2.01473 
1.96518 2.01532 
2.00581 2.01597 
2.26194 2.02003 
1.51289 2.00814 
1.68759 2.01091 
1.88483 2.01404 
2.11669 2.01773 
7.65557 2.01592 
1.99569 2.0158 
3.37808 2.02466 
1.53923 2.00856 
2.34247 2.02131 
1.66216 2.01051 
1.8326 2.01322 
1.95983 2.01524 
1.58722 2.00932 
2.28571 2.02041 
2.67647 2.02661 
2.53879 2.02443 
1.97881 2.01554 
1.67925 2.01078 
2.68901 2.02681 
1.51923 2.00824 
2.40183 2.02225 
2.27876 2.0203 
1.8896 2.01412 
2.01477 2.01611 
1.8525 2.01353 
1.68759 2.01091 
2.14101 2.01811 
2.09933 2.01745 
2.18421 2.0188 
2.67529 2.01423 
2.25332 2.01989 
1.85366 2.01355 
3.05025 2.02083 
2.26168 2.02003 
1.73732 2.0117 
2.05951 2.01682 
1.65032 2.01032 
1.88168 2.01399 
2.83355 2.01677 
1.79747 2.01266 
2.10665 2.01757 
2.99195 2.01879 
1.81925 2.013 
2.21622 2.01931 
1.86517 2.01373 
1.56466 2.00896 
1.97801 2.01552 
1.65711 2.01043 
1.80666 2.0128 
1.83554 2.01326 
1.79245 2.01258 
2.13368 2.01799 
1.98309 2.0156 
1.83333 2.01323 
1.66667 2.01058 
2.16976 2.01857 
3.00909 2.01948 
1.69041 2.01096 
2.11787 2.01774 
2.42642 2.02264 
2.49014 2.02365 
1.62299 2.00989 
1.58179 2.00923 
2.40183 2.02225 
1.41016 2.00651 
2.07622 2.01708 
2.33333 2.02116 
1.83444 2.01325 
2.6107 2.01368 
1.99033 2.01572 
1.65201 2.01035 
1.62765 2.00996 
1.5378 2.00854 
1.83394 2.01324 
1.84102 2.01335 
3.03283 2.0202 
1.65625 2.01042 
2.09502 2.01738 
3.18325 2.02306 
1.63158 2.01003 
2.15385 2.01832 
1.77301 2.01227 
1.73828 2.01172 
1.83094 2.01319 
2.29976 2.02063 
2.38124 2.02192 
2.00738 2.01599 
1.82353 2.01307 
1.95214 2.01511 
1.74605 2.01184 
1.71053 2.01128 
1.78261 2.01242 
2.37838 2.02188 
1.80357 2.01276 
1.74605 2.01184 
2.05 2.01667 
1.73067 2.0116 
1.82569 2.01311 
2.23529 2.01961 
1.84906 2.01348 
1.75399 2.01197 
1.58722 2.00932 
1.77992 2.01238 
2.00398 2.01594 
2.14844 2.01823 
1.93902 2.01491 
1.92277 2.01465 
2.3125 2.02083 
1.96923 2.01538 
2.22841 2.0195 
1.8896 2.01412 
2.13582 2.01803 
1.71772 2.01139 
2.03149 2.01637 
1.89189 2.01416 
1.94975 2.01508 
2.01613 2.01613 
1.93449 2.01483 
1.70435 2.01118 
2.0276 2.01631 
1.86657 2.01376 
2.18548 2.01882 
1.86657 2.01376 
2.13514 2.01802 
1.92523 2.01469 
2.41854 2.02252 
2.12071 2.01779 
2.14684 2.0182 
2.03019 2.01635 
2.39312 2.02211 
3.62612 2.02945 
2.0276 2.01631 
2.50898 2.02395 
1.78164 2.01241 
3.08459 2.02202 
2.17391 2.01863 
3.3217 2.02494 
2.7801 2.02826 
1.63476 2.01008 
2.56328 2.02481 
3.08905 2.02166 
2.37661 2.02185 
1.88732 2.01408 
2.10377 2.01752 
1.97927 2.01554 
2.14694 2.01821 
2.125 2.01786 
1.73732 2.0117 
1.71772 2.01139 
1.80153 2.01272 
3.41192 2.02591 
1.60082 2.00954 
2.55983 2.02476 
2.85014 2.01635 
2.58333 2.02513 
1.95062 2.01509 
1.74901 2.01189 
1.83888 2.01332 
1.48338 2.00767 
1.9 2.01429 
1.59595 2.00946 
1.83444 2.01325 
1.82653 2.01312 
2.80866 2.01536 
2.13855 2.01807 
2.86338 2.02958 
2.22239 2.0194 
1.96384 2.0153 
1.97743 2.01551 
1.71501 2.01135 
1.95323 2.01513 
2.2132 2.01926 
1.51429 2.00816 
3.10476 2.02041 
1.84906 2.01348 
1.80769 2.01282 
1.93902 2.01491 
2.50199 2.02384 
2.33865 2.02125 
1.69613 2.01105 
2.60623 2.0255 
1.71086 2.01128 
2.55217 2.02464 
1.61165 2.00971 
1.68478 2.01087 
1.32941 2.00523 
1.73043 2.01159 
2.54469 2.01117 
2.47318 2.02338 
3.07373 2.02011 
2.17287 2.01862 
2.00727 2.01599 
2.42231 2.02258 
1.55612 2.00883 
1.71053 2.01128 
1.93522 2.01484 
2.54851 2.02458 
1.73636 2.01169 
1.81606 2.01295 
1.74901 2.01189 
1.83665 2.01328 
2.12214 2.01781 
2.36791 2.02171 
2.26896 2.02014 
2.00245 2.01591 
1.94355 2.01498 
2.14027 2.0181 
1.67021 2.01064 
1.81434 2.01293 
1.99153 2.01574 
1.65172 2.01034 
2.16532 2.0185 
2.28881 2.02046 
1.82109 2.01303 
3.83871 2.02304 
2.38462 2.02198 
1.77206 2.01225 
1.61091 2.0097 
2.46691 2.02328 
2.76247 2.01663 
1.82598 2.01311 
2.13038 2.01794 
1.86598 2.01375 
1.71672 2.01138 
2.18449 2.0188 
1.45433 2.00721 
2.3061 2.02073 
2.38702 2.02202 
2.06539 2.01691 
2.94535 2.01977 
2 2.01587 
1.85617 2.01359 
1.42857 2.0068 
1.6414 2.01018 
2.624 2.01486 
2.19 2.01889 
1.65777 2.01044 
2.26746 2.02012 
2.60976 2.02555 
1.84753 2.01345 
1.66161 2.0105 
2.19149 2.01891 
3.85154 2.02257 
2.49466 2.02372 
2.76598 2.01712 
2.48077 2.01202 
2.05376 2.01673 
1.59504 2.00945 
1.62791 2.00997 
2.02829 2.01632 
1.8017 2.01273 
2.94619 2.02018 
1.63636 2.0101 
2.10397 2.01752 
2.02678 2.0163 
2.25704 2.01995 
2.03392 2.01641 
1.88925 2.01412 
2.04883 2.01665 
2.3806 2.01173 
2.18343 2.01878 
2.42212 2.02257 
1.93174 2.01479 
2.10044 2.01747 
2.69871 2.02696 
1.36041 2.00572 
1.68777 2.01092 
1.86897 2.01379 
2.10526 2.01754 
2.16397 2.01848 
2.88889 2.01832 
2.36023 2.02159 
2.03643 2.01645 
2.14415 2.01816 
1.87399 2.01387 
2.68636 2.01591 
2.11136 2.01764 
1.90107 2.0143 
1.69922 2.0111 
2.26281 2.02004 
2.29545 2.02056 
1.91713 2.01456 
2.10044 2.01747 
1.72497 2.01151 
1.92647 2.01471 
2.36177 2.02162 
1.91406 2.01451 
2.02083 2.0162 
2.71889 2.01667 
1.85909 2.01364 
1.72331 2.01148 
1.96078 2.01525 
2.26562 2.02009 
2.11628 2.01772 
3.00647 2.02155 
2.12264 2.01782 
1.99774 2.01584 
2.02495 2.01627 
2.81102 2.018 
2.02273 2.01623 
1.84281 2.01338 
1.64652 2.01026 
1.83721 2.01329 
2.13386 2.018 
1.72917 2.01157 
1.99324 2.01577 
1.96694 2.01535 
1.9587 2.01522 
1.98879 2.0157 
1.9413 2.01494 
1.65557 2.01041 
1.875 2.01389 
2.42105 2.02256 
2.63077 2.01538 
2.38158 2.02193 
2.1654 2.0185 
3.1776 2.02376 
2.26281 2.02004 
1.96923 2.01538 
2.08372 2.0172 
2.15862 2.01839 
1.88254 2.01401 
1.68035 2.0108 
1.90798 2.01441 
2.06105 2.01684 
2.83846 2.01868 
2.52242 2.01345 
1.89216 2.01416 
2.27416 2.02022 
2.15161 2.01828 
2.02917 2.01634 
2.39836 2.0222 
2.44 2.02286 
2.2713 2.02018 
1.90899 2.01443 
2.2489 2.01982 
2.32322 2.021 
2.25557 2.01993 
2.05117 2.01669 
2.08247 2.01718 
1.92022 2.01461 
1.84753 2.01345 
1.83721 2.01329 
1.50114 2.00795 
2.14415 2.01816 
1.71672 2.01138 
2.33893 2.02125 
1.84658 2.01344 
2.41256 2.02242 
1.98768 2.01568 
2.17952 2.01872 
2.04075 2.01652 
2.09565 2.01739 
3.16535 2.02362 
1.8552 2.01357 
1.61832 2.00981 
1.55022 2.00873 
2.36737 2.0111 
2.008 2.016 
1.67661 2.01074 
1.52563 2.00834 
2.16802 2.01854 
2.53436 2.01303 
2.79011 2.01689 
2.29976 2.02063 
1.92083 2.01462 
2.15244 2.01829 
2.32457 2.02102 
3.00498 2.01993 
1.66784 2.0106 
1.57124 2.00907 
2.08221 2.01718 
1.75269 2.01195 
1.69828 2.01108 
1.88393 2.01403 
2.15294 2.0183 
1.8598 2.01365 
1.44787 2.00711 
1.71321 2.01132 
1.72229 2.01146 
1.89767 2.01425 
2.87938 2.02983 
1.60828 2.00966 
2.67045 2.02652 
1.93449 2.01483 
2.93333 2.01769 
2.63025 2.01441 
2.92027 2.01757 
1.72414 2.01149 
1.63 2.01 
1.76725 2.01218 
1.77565 2.01231 
2.05677 2.01677 
1.61463 2.00976 
1.75812 2.01203 
2.04751 2.01663 
2.09122 2.01732 
1.59155 2.00939 
2.77118 2.0176 
1.64432 2.01023 
2.32412 2.02102 
1.91816 2.01457 
1.63494 2.01008 
1.7607 2.01207 
2.69627 2.01645 
1.80085 2.01271 
2.19494 2.01897 
1.68627 2.01089 
2.12 2.01778 
1.94246 2.01496 
1.66526 2.01056 
1.28378 2.0045 
1.69079 2.01096 
2.07143 2.01701 
1.74596 2.01184 
1.85909 2.01364 
1.57403 2.00911 
2 2.01587 
1.6833 2.01085 
2.11381 2.01768 
1.61165 2.00971 
2.48485 2.02357 
1.75738 2.01202 
2.01395 2.01609 
2.59757 2.02536 
2.17692 2.01868 
2.53788 2.01407 
3.04615 2.02198 
1.75738 2.01202 
1.54962 2.00872 
2.04651 2.01661 
1.56757 2.00901 
2.04883 2.01665 
2.19265 2.01893 
2.31106 2.02081 
2.33445 2.02118 
1.75408 2.01197 
1.83168 2.0132 
2.14415 2.01816 
1.86667 2.01376 
3.51364 2.01818 
2.0678 2.01695 
1.85039 2.0135 
1.91816 2.01457 
1.64359 2.01022 
2.43019 2.0227 
2.26 2.02 
1.81116 2.01288 
1.79839 2.01267 
2.16035 2.01842 
1.86758 2.01377 
1.96499 2.01532 
1.65421 2.01038 
2.08621 2.01724 
2.05117 2.01669 
2.08155 2.01717 
1.70859 2.01125 
3.23177 2.02503 
2.2051 2.01913 
1.5339 2.00847 
2.66344 2.01613 
2.02273 2.01623 
1.9403 2.01493 
1.67164 2.01066 
2.03166 2.01638 
2.03053 2.01636 
1.88829 2.0141 
1.77691 2.01233 
1.90298 2.01433 
2.34328 2.02132 
1.90698 2.0144 
1.80394 2.01276 
3.19177 2.01408 
2.94401 2.02016 
1.7875 2.0125 
2.14676 2.0182 
1.71077 2.01128 
1.95146 2.0151 
2.10405 2.01752 
1.64652 2.01026 
1.68627 2.01089 
1.79472 2.01261 
2.41573 2.02247 
1.93333 2.01481 
1.95974 2.01523 
2.43423 2.01164 
2.97037 2.02116 
1.62514 2.00992 
1.73101 2.0116 
1.70312 2.01116 
1.56062 2.0089 
2.07422 2.01705 
1.73645 2.01169 
1.77517 2.0123 
1.68777 2.01092 
1.95351 2.01514 
2.05125 2.01669 
1.65625 2.01042 
1.72497 2.01151 
1.84375 2.01339 
1.81818 2.01299 
1.99661 2.01582 
1.98547 2.01564 
1.42235 2.0067 
1.7607 2.01207 
2.87136 2.01902 
1.59937 2.00951 
1.8941 2.01419 
1.93235 2.0148 
1.47115 2.00748 
2.70732 2.01697 
1.78997 2.01254 
1.86301 2.0137 
1.58756 2.00933 
2.19873 2.01903 
1.7738 2.01228 
2.44275 2.0229 
1.72718 2.01154 
1.85135 2.01351 
2.15659 2.01836 
1.80255 2.01274 
1.4747 2.00753 
2.01147 2.01606 
1.88445 2.01404 
1.41814 2.00664 
2.01178 2.01606 
1.7115 2.01129 
1.67888 2.01078 
2.70374 2.01652 
2.08387 2.0172 
2.42411 2.0226 
2.06105 2.01684 
1.85224 2.01353 
1.75738 2.01202 
1.8941 2.01419 
2.01722 2.01615 
1.61564 2.00977 
1.7047 2.01119 
1.21047 2.00334 
1.8552 2.01357 
1.80769 2.01282 
1.67742 2.01075 
1.76829 2.0122 
1.90099 2.0143 
1.55082 2.00874 
2.40468 2.0223 
1.95248 2.01512 
1.49 2.00778 
2.15659 2.01836 
1.47676 2.00757 
1.6695 2.01063 
1.48355 2.00768 
1.69613 2.01105 
1.42 2.00667 
2.31054 2.01009 
1.70312 2.01116 
1.98879 2.0157 
1.84281 2.01338 
2.63521 2.01496 
1.71026 2.01127 
1.55752 2.00885 
2.03643 2.01645 
2.01866 2.01617 
1.85327 2.01354 
2.06419 2.01689 
1.78305 2.01243 
2.83371 2.01822 
1.6833 2.01085 
1.93174 2.01479 
1.8685 2.01379 
1.88732 2.01408 
2.67787 2.01627 
1.68182 2.01082 
2.09684 2.01741 
2.09328 2.01735 
1.95455 2.01515 
1.93038 2.01477 
2.28158 2.02034 
2.13094 2.01795 
2.02384 2.01625 
1.64286 2.0102 
2.12249 2.01782 
2.01848 2.01617 
1.70391 2.01117 
2.0618 2.01685 
2.02678 2.0163 
1.517 2.00821 
1.83595 2.01327 
1.86733 2.01377 
1.98913 2.0157 
2.04132 2.01653 
2.45112 2.01178 
1.4621 2.00733 
2.09756 2.01742 
1.7377 2.01171 
1.52066 2.00826 
2.22075 2.00883 
1.84102 2.01335 
1.89606 2.01422 
1.70946 2.01126 
2 2.01587 
1.47318 2.00751 
2.09446 2.01737 
1.77778 2.01235 
1.96393 2.0153 
1.57273 2.00909 
1.77143 2.01224 
1.86211 2.01368 
2.31343 2.01066 
1.81818 2.01299 
1.77517 2.0123 
1.619 2.00983 
1.8017 2.01273 
1.89022 2.01413 
1.85224 2.01353 
1.97322 2.01545 
1.84469 2.01341 
2.10044 2.01747 
2.12264 2.01782 
1.89022 2.01413 
1.33054 2.00525 
1.69859 2.01109 
1.71004 2.01127 
1.45652 2.00725 
3.04136 2.02227 
3.00939 2.02192 
1.84783 2.01346 
1.97674 2.0155 
1.97927 2.01554 
2.02052 2.0162 
1.73567 2.01168 
1.69922 2.0111 
1.69307 2.011 
2.08621 2.01724 
1.27632 2.00439 
1.90497 2.01436 
2.16035 2.01842 
1.54369 2.00863 
1.59747 2.00948 
2.07264 2.01703 
1.81466 2.01293 
1.77953 2.01237 
1.85939 2.01364 
1.98879 2.0157 
2.03053 2.01636 
2.2734 2.02021 
1.95122 2.0151 
1.56949 2.00904 
1.864 2.01371 
1.936 2.01486 
1.72581 2.01152 
1.63 2.01 
1.64726 2.01027 
1.61993 2.00984 
3.87486 2.02389 
1.64948 2.01031 
1.90298 2.01433 
2.368 2.02171 
2.06299 2.01687 
2.14545 2.01818 
1.81553 2.01294 
1.7151 2.01135 
2.05705 2.01678 
1.80488 2.01278 
2.41935 2.01152 
1.72414 2.01149 
1.75995 2.01206 
1.78358 2.01244 
1.88318 2.01402 
2.81863 2.01716 
2.0057 2.01596 
1.53261 2.00845 
1.74911 2.01189 
1.65455 2.01039 
1.89313 2.01418 
1.78041 2.01239 
1.7797 2.01238 
2.01613 2.01613 
1.57666 2.00915 
1.70391 2.01117 
1.77491 2.0123 
1.87703 2.01392 
1.64874 2.0103 
2.86127 2.0185 
1.91304 2.01449 
1.58469 2.00928 
1.5881 2.00933 
2.05629 2.01677 
1.57931 2.0092 
1.91084 2.01446 
1.83898 2.01332 
1.98913 2.0157 
1.66942 2.01063 
1.74118 2.01176 
1.875 2.01389 
1.68231 2.01083 
1.90756 2.01441 
1.86997 2.01381 
1.85231 2.01353 
1.5431 2.00862 
1.74911 2.01189 
1.79747 2.01266 
1.92963 2.01476 
2.43011 2.0227 
1.97616 2.01549 
1.83898 2.01332 
1.65247 2.01036 
1.65023 2.01032 
1.66161 2.0105 
1.83628 2.01327 
2.62626 2.02581 
2.24535 2.01977 
2.08124 2.01716 
1.63708 2.01011 
2.37903 2.02189 
1.73427 2.01166 
2.63077 2.01538 
3.47014 2.01846 
1.90798 2.01441 
1.57143 2.00907 
1.74911 2.01189 
1.72664 2.01153 
2.25682 2.00909 
2.16263 2.01845 
2.96362 2.01995 
1.82304 2.01306 
2.36565 2.01051 
1.69613 2.01105 
1.90107 2.0143 
1.81996 2.01302 
1.74911 2.01189 
2.28426 2.02039 
2.42647 2.01261 
2.17952 2.01872 
1.77171 2.01225 
1.57273 2.00909 
2.45895 2.02316 
1.68182 2.01082 
1.69383 2.01101 
2.69652 2.01686 
1.89216 2.01416 
2.84093 2.01909 
2.19398 2.01895 
2.18125 2.01875 
1.52313 2.0083 
1.60642 2.00963 
1.74356 2.0118 
2.09905 2.00738 
2.03618 2.01645 
2.17049 2.01858 
1.8326 2.01322 
1.88628 2.01407 
2.26133 2.02002 
1.8173 2.01297 
1.96605 2.01533 
2.2614 2.02002 
1.96393 2.0153 
1.92744 2.01472 
1.80856 2.01283 
2.82842 2.01858 
2.19747 2.01901 
2.15038 2.01826 
2.3025 2.02067 
1.65693 2.01043 
1.7607 2.01207 
2.07348 2.01704 
2.01395 2.01609 
1.91919 2.01459 
2.20348 2.00871 
2.19265 2.01893 
1.9899 2.01571 
1.68182 2.01082 
2.12626 2.01788 
1.66808 2.0106 
2.13131 2.01796 
1.8326 2.01322 
2.00915 2.01602 
2.15995 2.01841 
2.10526 2.01754 
1.64359 2.01022 
1.88541 2.01405 
1.96393 2.0153 
1.42472 2.00674 
1.81466 2.01293 
2.02606 2.01629 
2.04305 2.01656 
1.87703 2.01392 
1.94231 2.01496 
1.63281 2.01004 
2.26667 2.02011 
2.4 2.02222 
1.77604 2.01232 
2.19933 2.01904 
2.14937 2.01824 
3.30191 2.02581 
1.62308 2.00989 
1.64874 2.0103 
2.93441 2.02043 
1.6833 2.01085 
2.7779 2.01807 
1.63636 2.0101 
2.75956 2.01749 
1.50983 2.00809 
1.93814 2.01489 
2.08746 2.01726 
2.01848 2.01617 
1.93387 2.01482 
1.75449 2.01198 
1.83394 2.01324 
1.99033 2.01572 
3.00462 2.02079 
2.09838 2.01743 
1.52751 2.00837 
2.11967 2.01777 
1.45324 2.00719 
1.94573 2.01501 
1.72917 2.01157 
2.10405 2.01752 
1.95248 2.01512 
1.55446 2.0088 
1.6695 2.01063 
2.52632 2.01396 
2.50721 2.01332 
2.54343 2.0245 
1.66161 2.0105 
1.89022 2.01413 
1.58401 2.00927 
1.86007 2.01365 
1.86897 2.01379 
1.98953 2.01571 
1.86007 2.01365 
1.70234 2.01115 
2.23799 2.01965 
2.4 2.02222 
2.15784 2.01838 
2.31974 2.02095 
2.35561 2.02152 
1.89046 2.01413 
2.03279 2.01639 
1.517 2.00821 
1.6718 2.01066 
2.29348 2.02053 
2.18082 2.01874 
2.008 2.016 
1.89803 2.01425 
1.66084 2.01049 
2.46853 2.02331 
2.48152 2.02352 
1.92647 2.01471 
1.96393 2.0153 
1.63423 2.01007 
1.55691 2.00884 
1.88009 2.01397 
1.6742 2.0107 
2.21429 2.01927 
1.91713 2.01456 
2.66368 2.0157 
2.69078 2.02684 
2.40989 2.02238 
1.86598 2.01375 
2.17895 2.01871 
1.59786 2.00949 
1.95343 2.01513 
1.90756 2.01441 
2.68765 2.01544 
1.7151 2.01135 
1.7875 2.0125 
2.19799 2.01902 
2.46172 2.0232 
3.03034 2.02063 
2.25682 2.00909 
2.08621 2.01724 
1.3629 2.00576 
2.2226 2.01941 
1.96694 2.01535 
4.06303 2.02545 
2.32059 2.02096 
2.12903 2.01792 
2.04502 2.01659 
1.88525 2.01405 
2.17209 2.0186 
2.46512 2.02326 
1.57078 2.00906 
2.19398 2.01895 
2.16129 2.01843 
2.29405 2.02054 
2.41256 2.02242 
1.99324 2.01577 
1.92857 2.01474 
1.792 2.01257 
1.60383 2.00958 
2.20863 2.01918 
1.42188 2.0067 
1.98218 2.01559 
1.85909 2.01364 
1.82598 2.01311 
1.41357 2.00656 
2.06419 2.01689 
2.82333 2.01812 
2.23127 2.01954 
1.97783 2.01552 
1.8941 2.01419 
2.24535 2.01977 
1.80675 2.01281 
1.94573 2.01501 
1.9658 2.01533 
2.00368 2.01593 
1.77491 2.0123 
1.68644 2.0109 
1.96923 2.01538 
3.30894 2.02555 
2.13993 2.01809 
2.36023 2.02159 
1.71142 2.01129 
2.4087 2.02236 
2.11504 2.0177 
1.82598 2.01311 
2.40173 2.02225 
2.03279 2.01639 
2.47368 2.02339 
2.15244 2.01829 
2.08889 2.01728 
2.41657 2.02249 
2.03158 2.01637 
2.03887 2.01649 
2.06651 2.01693 
2.07022 2.01699 
1.82012 2.01302 
2.16811 2.01854 
1.45542 2.00723 
1.67904 2.01078 
1.98084 2.01557 
3.18591 2.02309 
2.81863 2.01716 
2.02889 2.01633 
2.16379 2.01847 
2.05 2.01667 
1.55682 2.00884 
2.06226 2.01686 
2.69398 2.02689 
6.99629 2.01854 
2.08621 2.01724 
1.56178 2.00892 
2.1413 2.01812 
2.4175 2.0225 
2.09884 2.01744 
1.875 2.01389 
1.7563 2.012 
2.3125 2.02083 
2.54412 2.02451 
2.18728 2.01885 
2.58254 2.02512 
3.17533 2.02297 
2.0057 2.01596 
3.30579 2.0366 
1.875 2.01389 
1.74031 2.01175 
2.2811 2.02033 
2.01111 2.01605 
1.71591 2.01136 
2.47232 2.02337 
2.75221 2.02781 
2.03158 2.01637 
3.30263 2.02512 
2.05125 2.01669 
1.69656 2.01106 
1.84719 2.01345 
2.35322 2.02148 
2.68966 2.01546 
2.08221 2.01718 
2.44043 2.02286 
1.70087 2.01112 
2.56716 2.02488 
2.12788 2.0179 
2.32386 2.02101 
2.14101 2.01811 
1.84615 2.01343 
1.92083 2.01462 
1.67904 2.01078 
2.15809 2.01838 
1.91748 2.01456 
2.04875 2.01665 
2.15104 2.01827 
2.35161 2.02145 
2.6371 2.01498 
2.69078 2.02684 
2.20286 2.01909 
2.49466 2.02372 
2.66787 2.02647 
2.45443 2.02309 
2.05823 2.0168 
2.30947 2.02079 
2.50718 2.02392 
2.48986 2.02365 
2.98174 2.02055 
1.69828 2.01108 
2.41825 2.02251 
1.69315 2.011 
2.36644 2.02169 
2.4474 2.02297 
2.34201 2.0213 
2.034 2.01641 
2.56198 2.02479 
1.9624 2.01528 
2.14156 2.01812 
2.08746 2.01726 
1.96694 2.01535 
1.97849 2.01553 
2.26421 2.02007 
2.24535 2.01977 
2.08621 2.01724 
2.15809 2.01838 
1.93174 2.01479 
2.76303 2.01613 
2.75443 2.02785 
1.79564 2.01263 
2.31411 2.02086 
1.84719 2.01345 
2.00368 2.01593 
2.46333 2.02323 
1.67904 2.01078 
1.96809 2.01537 
2.21592 2.0193 
2.70384 2.01559 
2.15667 2.01836 
2.29348 2.02053 
2.68408 2.02673 
2.47596 2.02343 
2.61954 2.02571 
2.07561 2.01707 
1.9368 2.01487 
3.76471 2.03241 
2.1025 2.0175 
2.10665 2.01757 
3.09157 2.02169 
1.84102 2.01335 
2.15951 2.0184 
2.35971 2.02158 
1.76364 2.01212 
1.79472 2.01261 
1.46552 2.00739 
2.27046 2.02017 
2.27348 2.02021 
2.81125 2.02875 
2.18421 2.0188 
1.99153 2.01574 
2.28736 2.02043 
2.28263 2.02036 
2.07956 2.01714 
1.97047 2.0154 
3.4398 2.02662 
1.99343 2.01577 
2.59287 2.01353 
2.8912 2.01834 
2.3057 2.02073 
2.26 2.02 
3.12963 2.02116 
2.11929 2.01777 
2.38015 2.02191 
1.6445 2.01023 
1.68571 2.01088 
1.80977 2.01285 
2.85294 2.02941 
3.00649 2.01946 
2.40979 2.02238 
2.33663 2.02122 
2.28922 2.02046 
2.33157 2.02114 
2.10676 2.01757 
2.95192 2.01786 
2.91436 2.03039 
2.4 2.02222 
3.20865 2.0229 
2.07692 2.01709 
3.18357 2.03466 
2.51136 2.02399 
1.9403 2.01493 
1.85135 2.01351 
3.3273 2.02458 
2.30886 2.02078 
2.5869 2.02519 
1.92989 2.01476 
2.69182 2.02685 
3.2285 2.02311 
2.87611 2.0177 
3.38512 2.03786 
3.03797 2.02025 
2.55941 2.02475 
2.67468 2.02658 
2.15596 2.01835 
2.03802 2.01648 
2.07622 2.01708 
1.875 2.01389 
2.75221 2.02781 
2.99356 2.01933 
2.39091 2.02208 
2.03019 2.01635 
2.89412 2.03007 
2.53471 2.02436 
2.64348 2.02609 
2.15809 2.01838 
3.09662 2.02174 
2.10081 2.01747 
4.5643 2.0315 
2.08765 2.01726 
2.79193 2.01639 
2.30233 2.02067 
2.51711 2.02408 
2.87938 2.02983 
2.56063 2.02477 
3.24875 2.02375 
2.30165 2.02066 
1.89489 2.0142 
2.57708 2.02503 
2.18353 2.01879 
3.0125 2.03194 
2.0678 2.01695 
3.64865 2.02845 
3.6916 2.03018 
2.59494 2.02532 
3.74198 2.03075 
3.9484 2.03347 
2.36401 2.02165 
3.14961 2.03412 
1.97468 2.01547 
2.38652 2.02201 
2.50845 2.02394 
2.57269 2.02496 
2.7027 2.02703 
3.19744 2.02131 
1.91172 2.01447 
2.80516 2.02865 
3.0087 2.03188 
2.85841 2.0295 
2.91781 2.03044 
2.66713 2.02646 
2.85035 2.02937 
2.56198 2.02479 
2.00145 2.0159 
2.06452 2.0169 
2.52727 2.02424 
2.53191 2.02432 
2.81089 2.02874 
2.42105 2.02256 
2.51351 2.02402 
1.91437 2.01451 
2.16833 2.01854 
2.62697 2.02582 
2.38767 2.02203 
3.46165 2.03907 
4.23502 2.03628 
3.25733 2.03583 
3.15957 2.01976 
2.21154 2.01923 
2.58198 2.02511 
3.29345 2.02279 
2.22605 2.01946 
2.38652 2.02201 
2.2618 2.02003 
2.23703 2.01964 
2.75978 2.02793 
1.90778 2.01441 
2.62464 2.02579 
2.59138 2.02526 
3.09129 2.0332 
2.19772 2.01901 
3.41446 2.02503 
1.92895 2.01475 
2.575 2.025 
2.30525 2.02072 
2.98283 2.03147 
2.68354 2.02672 
2.76029 2.02794 
2.85022 2.02937 
3.56175 2.04066 
2.61769 2.02568 
3.26945 2.03602 
2.80258 2.02861 
2.67179 2.02654 
2.71299 2.02719 
3.0503 2.03254 
2.29986 2.02063 
2.90332 2.03021 
5.0101 2.03608 
3.40529 2.03818 
2.62857 2.02585 
2.52131 2.02415 
2.56808 2.02489 
4.35714 2.03936 
2.94845 2.03093 
3.28261 2.03623 
3.43169 2.02471 
2.6057 2.02549 
2.1 2.01746 
2.52496 2.02421 
2.75 2.02778 
2.27089 2.02017 
3.3475 2.02276 
3.04085 2.03239 
4.08886 2.03464 
2.87926 2.02983 
2.43399 2.02276 
2.64516 2.02611 
3.12251 2.03369 
3.41277 2.0383 
2.26542 2.02009 
2.42534 2.02262 
2.2757 2.02025 
2.8144 2.0288 
1.98159 2.01558 
2.91781 2.03044 
1.82293 2.01306 
1.95023 2.01508 
2.43399 2.02276 
4.22928 2.02486 
2.09346 2.01736 
3.21 2.02143 
2.13514 2.01802 
2.69001 2.02683 
2.19388 2.01895 
3.50144 2.02594 
2.24576 2.01977 
2.34221 2.0213 
2.76718 2.02805 
3.00797 2.03187 
2.55556 2.02469 
2.52347 2.02418 
2.68592 2.02676 
1.76622 2.01216 
2.69853 2.02696 
2.40695 2.02233 
1.82245 2.01305 
2.70051 2.02699 
1.95334 2.01513 
2.10112 2.01748 
2.12644 2.01788 
2.34548 2.02136 
2.24291 2.01973 
2.51519 2.02405 
2.09023 2.01731 
1.90539 2.01437 
1.97038 2.0154 
2.33099 2.02113 
2.20719 2.01916 
2.121 2.01779 
1.86797 2.01378 
2.26 2.02 
1.83797 2.0133 
1.90323 2.01434 
2.10268 2.0175 
1.99033 2.01572 
1.80958 2.01285 
1.98309 2.0156 
2.1929 2.01893 
1.81148 2.01288 
1.87601 2.0139 
1.99033 2.01572 
2.26562 2.02009 
3.16486 2.02286 
1.82895 2.01316 
1.73512 2.01167 
1.79839 2.01267 
1.94573 2.01501 
2.47596 2.02343 
2.21886 2.01935 
2.26297 2.02005 
2.19008 2.01889 
2.16532 2.0185 
1.67661 2.01074 
1.85909 2.01364 
2.35971 2.02158 
1.9403 2.01493 
2.15596 2.01835 
1.97384 2.01546 
2.48936 2.02364 
1.76915 2.01221 
2.08124 2.01716 
2.28571 2.02041 
2.71465 2.01515 
1.91713 2.01456 
2.0232 2.01624 
2.93634 2.01968 
1.81529 2.01294 
1.94355 2.01498 
2.18736 2.01885 
2.13574 2.01803 
2.24971 2.01984 
1.6593 2.01047 
1.92752 2.01472 
1.99514 2.0158 
2.05823 2.0168 
2.7869 2.01776 
1.95455 2.01515 
2.07631 2.01708 
1.71186 2.0113 
1.69155 2.01098 
1.81148 2.01288 
1.83094 2.01319 
1.60072 2.00954 
1.22608 2.00359 
1.98695 2.01567 
1.84926 2.01348 
1.86087 2.01366 
2.21739 2.01932 
2.39827 2.02219 
2.31897 2.02094 
2.09122 2.01732 
2.67373 2.01531 
3.00926 2.02083 
2.10012 2.01746 
2.46002 2.02317 
2.23245 2.01956 
2.4433 2.02291 
2.09122 2.01732 
3.37262 2.02694 
2.04255 2.01655 
2.10012 2.01746 
2.12903 2.01792 
2.21291 2.01925 
2.24535 2.01977 
1.84102 2.01335 
2.80093 2.01746 
1.91194 2.01448 
2.01496 2.01611 
1.83094 2.01319 
1.68067 2.0108 
2.90758 2.01896 
1.84753 2.01345 
1.87805 2.01394 
2.54918 2.02459 
2.23985 2.01968 
2.24971 2.01984 
3.1115 2.0223 
2.40164 2.02225 
2.59127 2.02526 
2.02917 2.01634 
2.33884 2.02125 
2.47025 2.02334 
2.44828 2.02299 
2.28726 2.02043 
2.7377 2.01639 
2.51327 2.02402 
2.29304 2.02052 
3.20504 2.02405 
2.04875 2.01665 
1.85812 2.01362 
2.36333 2.02164 
2.01848 2.01617 
1.92647 2.01471 
2.0232 2.01624 
2.17246 2.01861 
2.38507 2.01066 
2.16955 2.01856 
2.10397 2.01752 
1.58537 2.00929 
2.20719 2.01916 
1.41722 2.00662 
2.15385 2.01832 
1.94856 2.01506 
2.42284 2.02258 
1.97674 2.0155 
2.39272 2.02211 
1.60164 2.00955 
2.13368 2.01799 
1.94856 2.01506 
2.85268 2.01748 
1.7 2.01111 
1.96306 2.01529 
3.12225 2.022 
2.35398 2.02149 
1.88506 2.01405 
2.2467 2.01979 
1.76923 2.01221 
2.25843 2.01998 
2.5 2.02381 
2.52679 2.02423 
2.3211 2.02097 
2.0442 2.01657 
2.89583 2.01838 
2.176 2.01867 
2.91935 2.01861 
1.82353 2.01307 
2.00935 2.01602 
2.10526 2.01754 
2.05135 2.01669 
2.97078 2.01859 
2.13592 2.01803 
2.29452 2.02055 
2 2.01587 
2.28736 2.02043 
2.53462 2.02436 
2.17757 2.01869 
2.4261 2.02264 
1.69231 2.01099 
2.41293 2.02243 
3.04239 2.03242 
2.40367 2.02228 
2.08765 2.01726 
3.55068 2.0274 
2.11702 2.01773 
3.02516 2.02013 
2.4433 2.02291 
3.55314 2.02899 
2.49066 2.02366 
2.45091 2.02303 
3.11192 2.0219 
2.37122 2.02177 
2.27046 2.02017 
2.4876 2.02361 
4.07236 2.0261 
2.53659 2.02439 
2.07264 2.01703 
2.2439 2.01974 
2.41825 2.02251 
2.5869 2.02519 
2.21154 2.01923 
3.01566 2.02048 
2.3436 2.02133 
2.5348 2.02436 
2.22121 2.01938 
2.60821 2.02553 
3.05835 2.02174 
2.58254 2.02512 
2.75636 2.02788 
2.06137 2.01685 
2.42534 2.02262 
2.23672 2.01963 
2.48327 2.02354 
2.9316 2.03066 
2.96102 2.01949 
2.36298 2.02163 
3.39518 2.02651 
1.91636 2.01455 
2.10526 2.01754 
2.5283 2.02426 
1.94147 2.01494 
1.93103 2.01478 
1.54647 2.00867 
1.56757 2.00901 
1.82245 2.01305 
2.09933 2.01745 
1.83777 2.0133 
1.94737 2.01504 
2.08354 2.0172 
2.60027 2.0254 
2.46323 2.02323 
1.83004 2.01318 
2.18125 2.01875 
2.16667 2.01852 
1.84112 2.01335 
2 2.01587 
2.99028 2.03159 
2.19018 2.01889 
2.19149 2.01891 
3.40926 2.02628 
2.23245 2.01956 
2.19398 2.01895 
3.18801 2.0235 
2.55364 2.02466 
2.45443 2.02309 
1.74911 2.01189 
2.2439 2.01974 
3.99392 2.0243 
2.29504 2.02056 
2.72034 2.01574 
2.05502 2.01675 
1.59645 2.00947 
1.93707 2.01487 
2.26 2.02 
1.93493 2.01484 
2.42162 2.02257 
2.48061 2.0235 
2.16532 2.0185 
2.68819 2.0268 
2.16263 2.01845 
2.03037 2.01636 
3.23059 2.02433 
2.87865 2.01867 
2.67257 2.02655 
2.57087 2.02493 
2.87971 2.01823 
2.68204 2.0267 
3.03517 2.0211 
2.78378 2.02831 
3.38084 2.02635 
1.98438 2.01562 
2.65394 2.02625 
3.55932 2.02906 
2.71074 2.02715 
2.08755 2.01726 
2.06061 2.01684 
2.42373 2.0226 
2.25686 2.01995 
2.49112 2.02367 
2.54918 2.02459 
2.81579 2.02882 
2.43011 2.0227 
3.37361 2.02589 
2.91211 2.019 
2.10397 2.01752 
2.08871 2.01728 
2.85714 2.01801 
2.01496 2.01611 
2.90909 2.0303 
2.27416 2.02022 
2.35057 2.02144 
2.20143 2.01907 
2.02439 2.01626 
2.14545 2.01818 
1.79291 2.01259 
2.99311 2.02067 
2.37113 2.02176 
2.18473 2.01881 
2.01178 2.01606 
2.96825 2.02041 
1.86797 2.01378 
3.25881 2.02533 
1.86029 2.01366 
2.37255 2.02179 
2.36644 2.02169 
2.37405 2.02181 
1.34239 2.00543 
1.96711 2.01535 
2.06659 2.01693 
3.30626 2.02552 
2.41156 2.02241 
2.11752 2.01774 
2.09629 2.0174 
2.30451 2.02071 
2.93634 2.01968 
1.57469 2.00912 
2.03279 2.01639 
1.89467 2.0142 
1.64948 2.01031 
2.09502 2.01738 
2.4267 2.02265 
2.23958 2.01968 
2.14937 2.01824 
1.88168 2.01399 
2.82388 2.02895 
2.0276 2.01631 
2.125 2.01786 
2.48327 2.02354 
1.76087 2.01208 
2.06088 2.01684 
3.76092 2.02063 
3.24608 2.02413 
3.06667 2.02143 
1.54177 2.0086 
2.88659 2.01829 
1.96306 2.01529 
2.21465 2.01928 
2.40156 2.02225 
2.5661 2.02486 
3.58244 2.02966 
3.11647 2.02235 
2.07006 2.01699 
1.97459 2.01547 
2.51057 2.01335 
2.18082 2.01874 
1.71918 2.01142 
2.28717 2.02043 
2.09565 2.01739 
2.11967 2.01777 
2.36957 2.02174 
2.68696 2.01491 
1.6593 2.01047 
1.95789 2.0152 
1.7151 2.01135 
1.96183 2.01527 
2.49067 2.01317 
1.80301 2.01275 
2.05705 2.01678 
1.64213 2.01019 
1.72581 2.01152 
1.57469 2.00912 
1.73256 2.01163 
2.05376 2.01673 
2.00685 2.01598 
1.96711 2.01535 
2.152 2.01829 
2.2439 2.01974 
1.98768 2.01568 
2.03505 2.01643 
1.81625 2.01296 
1.96694 2.01535 
2.10943 2.01761 
2.23103 2.01954 
1.71231 2.01131 
2.79675 2.01742 
2.68966 2.01546 
1.58605 2.0093 
1.92875 2.01474 
2.57876 2.02506 
2.11223 2.01765 
2.30134 2.02066 
1.99878 2.01585 
1.59016 2.00937 
2.00114 2.01589 
1.57534 2.00913 
2.21446 2.01928 
1.65398 2.01038 
1.84 2.01333 
2.64277 2.01503 
1.62514 2.00992 
2.09502 2.01738 
2.72998 2.02746 
2.11381 2.01768 
2.11136 2.01764 
2.33 2.02111 
1.97674 2.0155 
2.31524 2.02088 
2.97692 2.02088 
2.07754 2.0171 
2.13898 2.01808 
1.97384 2.01546 
2.49067 2.01317 
2.01178 2.01606 
2.3806 2.01173 
2.25028 2.01985 
2.23664 2.01963 
3.20155 2.02436 
1.57469 2.00912 
1.81203 2.01289 
2.16921 2.01856 
2.28848 2.02045 
1.62035 2.00985 
1.75326 2.01196 
2.36069 2.0216 
2.16413 2.01848 
2.82737 2.01895 
3.05066 2.02203 
1.82623 2.01311 
2.14791 2.01822 
1.66879 2.01062 
2.88189 2.01912 
2.63107 2.02589 
1.88829 2.0141 
1.86203 2.01368 
2.11504 2.0177 
2.41732 2.0225 
2.17049 2.01858 
2.71943 2.02729 
1.82986 2.01317 
1.9 2.01429 
3.12942 2.02323 
2.03053 2.01636 
1.60577 2.00962 
2.41156 2.02241 
1.57998 2.00921 
2.95119 2.02061 
