c1 c2 c3 c4 c5 c6 c7 c8
22 0 0 0 0 0 0 24 
25 0 0 0 0 0 0 20 
54 0 0 0 0 0 0 26 
73 0 0 0 0 0 0 44 
105 0 0 0 0 0 0 69 
153 0 0 0 0 0 0 89 
204 0 0 0 0 0 0 87 
235 0 0 0 0 0 0 91 
238 0 0 0 0 0 0 107 
262 0 0 0 0 0 0 122 
257 0 0 0 0 0 0 133 
259 0 0 0 0 0 0 116 
272 0 0 0 0 0 0 135 
312 0 0 0 0 0 0 130 
278 0 0 0 0 0 0 100 
321 0 0 0 0 0 0 140 
310 0 0 0 0 0 0 109 
305 0 0 0 0 0 0 125 
341 0 0 0 0 0 0 160 
360 0 0 0 0 0 0 154 
373 0 0 0 0 0 0 124 
395 0 0 0 0 0 0 176 
391 0 0 0 0 0 0 156 
386 0 0 0 0 0 0 160 
399 0 0 0 0 0 0 182 
403 0 0 0 0 0 0 197 
424 0 0 0 0 0 0 249 
414 0 0 0 0 0 0 228 
435 0 0 0 0 0 0 231 
425 0 0 0 0 0 0 239 
402 0 0 0 0 0 0 286 
395 0 0 0 0 0 0 262 
396 0 0 0 0 0 0 275 
435 0 0 0 0 0 0 312 
410 0 0 0 0 0 0 281 
395 0 0 0 0 0 0 257 
410 0 0 0 0 0 0 293 
411 0 0 0 0 0 0 293 
437 0 0 0 0 0 0 251 
461 0 0 0 0 0 0 268 
437 0 0 0 0 0 0 257 
450 0 0 0 0 0 0 271 
430 0 0 0 0 0 0 259 
412 0 0 0 0 0 0 241 
406 0 0 0 0 0 0 277 
431 0 0 0 0 0 0 261 
407 0 0 0 0 0 0 262 
418 0 0 0 0 0 0 264 
395 0 0 0 0 0 0 238 
410 0 0 0 0 0 0 244 
373 0 0 0 0 0 0 240 
385 0 0 0 0 0 0 226 
402 0 0 0 0 0 0 247 
380 0 0 0 0 0 0 214 
427 0 0 0 0 0 0 205 
433 0 0 0 0 0 0 204 
465 0 0 0 0 0 0 192 
403 0 0 0 0 0 0 190 
419 0 0 0 0 0 0 184 
446 0 0 0 0 0 0 215 
430 0 0 0 0 0 0 168 
450 0 0 0 0 0 0 204 
483 0 0 0 0 0 0 177 
407 0 0 0 0 0 0 187 
492 0 0 0 0 0 0 177 
469 0 0 0 0 0 0 223 
481 0 0 0 0 0 0 234 
494 0 0 0 0 0 0 231 
473 0 0 0 0 0 0 273 
494 0 0 0 0 0 0 282 
486 0 0 0 0 0 0 282 
464 0 0 0 0 0 0 276 
488 0 0 0 0 0 0 251 
499 0 0 0 0 0 0 235 
529 0 0 0 0 0 0 220 
483 0 0 0 0 0 0 230 
535 0 0 0 0 0 0 253 
482 0 0 0 0 0 0 258 
479 0 0 0 0 0 0 220 
501 0 0 0 0 0 0 219 
502 0 0 0 0 0 0 197 
464 0 0 0 0 0 0 206 
489 0 0 0 0 0 0 213 
490 0 0 0 0 0 0 260 
472 0 0 0 0 0 0 262 
472 0 0 0 0 0 0 253 
505 0 0 0 0 0 0 216 
488 0 0 0 0 0 0 263 
458 0 0 0 0 0 0 272 
452 0 0 0 0 0 0 277 
483 0 0 0 0 0 0 257 
502 0 0 0 0 0 0 277 
491 0 0 0 0 0 0 260 
458 0 0 0 0 0 0 234 
488 0 0 0 0 0 0 238 
475 0 0 0 0 0 0 277 
483 0 0 0 0 0 0 274 
449 0 0 0 0 0 0 281 
466 0 0 0 0 0 0 270 
417 0 0 0 0 0 0 290 
406 0 0 0 0 0 0 276 
403 0 0 0 0 0 0 282 
445 0 0 0 0 0 0 324 
467 0 0 0 0 0 0 317 
462 0 0 0 0 0 0 317 
457 0 0 0 0 0 0 265 
428 0 0 0 0 0 0 274 
460 0 0 0 0 0 0 213 
437 0 0 0 0 0 0 228 
479 0 0 0 0 0 0 265 
467 0 0 0 0 0 0 240 
473 0 0 0 0 0 0 267 
468 0 0 0 0 0 0 298 
450 0 0 0 0 0 0 263 
499 0 0 0 0 0 0 261 
481 0 0 0 0 0 0 258 
477 0 0 0 0 0 0 286 
451 0 0 0 0 0 0 237 
506 0 0 0 0 0 0 245 
526 0 0 0 0 0 0 232 
507 0 0 0 0 0 0 238 
499 0 0 0 0 0 0 210 
503 0 0 0 0 0 0 210 
484 0 0 0 0 0 0 240 
476 0 0 0 0 0 0 232 
487 0 0 0 0 0 0 208 
497 0 0 0 0 0 0 225 
451 0 0 0 0 0 0 223 
494 0 0 0 0 0 0 201 
496 0 0 0 0 0 0 196 
489 0 0 0 0 0 0 211 
495 0 0 0 0 0 0 214 
532 0 0 0 0 0 0 167 
496 0 0 0 0 0 0 201 
497 0 0 0 0 0 0 183 
484 0 0 0 0 0 0 210 
456 0 0 0 0 0 0 269 
468 0 0 0 0 0 0 264 
482 0 0 0 0 0 0 236 
419 0 0 0 0 0 0 266 
455 0 0 0 0 0 0 281 
450 0 0 0 0 0 0 271 
466 0 0 0 0 0 0 257 
451 0 0 0 0 0 0 278 
493 0 0 0 0 0 0 253 
486 0 0 0 0 0 0 249 
478 0 0 0 0 0 0 284 
470 0 0 0 0 0 0 277 
497 0 0 0 0 0 0 264 
480 0 0 0 0 0 0 276 
491 0 0 0 0 0 0 281 
493 0 0 0 0 0 0 257 
512 0 0 0 0 0 0 260 
459 0 0 0 0 0 0 269 
480 0 0 0 0 0 0 258 
473 0 0 0 0 0 0 258 
496 0 0 0 0 0 0 285 
455 0 0 0 0 0 0 235 
488 0 0 0 0 0 0 267 
509 0 0 0 0 0 0 300 
498 0 0 0 0 0 0 277 
518 0 0 0 0 0 0 266 
553 0 0 0 0 0 0 277 
538 0 0 0 0 0 0 243 
540 0 0 0 0 0 0 246 
534 0 0 0 0 0 0 213 
524 0 0 0 0 0 0 222 
510 0 0 0 0 0 0 261 
538 0 0 0 0 0 0 283 
496 0 0 0 0 0 0 290 
518 0 0 0 0 0 0 243 
500 0 0 0 0 0 0 208 
508 0 0 0 0 0 0 245 
508 0 0 0 0 0 0 252 
516 0 0 0 0 0 0 264 
530 0 0 0 0 0 0 270 
538 0 0 0 0 0 0 275 
530 0 0 0 0 0 0 284 
506 0 0 0 0 0 0 326 
545 0 0 0 0 0 0 325 
527 0 0 0 0 0 0 352 
526 0 0 0 0 0 0 305 
509 0 0 0 0 0 0 322 
547 0 0 0 0 0 0 337 
534 0 0 0 0 0 0 310 
513 0 0 0 0 0 0 332 
541 0 0 0 0 0 0 321 
505 0 0 0 0 0 0 330 
534 0 0 0 0 0 0 295 
500 0 0 0 0 0 0 325 
520 0 0 0 0 0 0 301 
494 0 0 0 0 0 0 267 
518 0 0 0 0 0 0 279 
454 0 0 0 0 0 0 285 
442 0 0 0 0 0 0 254 
499 0 0 0 0 0 0 285 
446 0 0 0 0 0 0 269 
440 0 0 0 0 0 0 266 
462 0 0 0 0 0 0 254 
454 0 0 0 0 0 0 284 
438 0 0 0 0 0 0 288 
447 0 0 0 0 0 0 276 
431 0 0 0 0 0 0 270 
459 0 0 0 0 0 0 265 
428 0 0 0 0 0 0 234 
438 0 0 0 0 0 0 246 
418 0 0 0 0 0 0 258 
436 0 0 0 0 0 0 289 
414 0 0 0 0 0 0 278 
406 0 0 0 0 0 0 271 
394 0 0 0 0 0 0 296 
416 0 0 0 0 0 0 290 
408 0 0 0 0 0 0 263 
375 0 0 0 0 0 0 258 
425 0 0 0 0 0 0 243 
451 0 0 0 0 0 0 266 
431 0 0 0 0 0 0 247 
437 0 0 0 0 0 0 258 
421 0 0 0 0 0 0 239 
436 0 0 0 0 0 0 245 
431 0 0 0 0 0 0 248 
435 0 0 0 0 0 0 271 
432 0 0 0 0 0 0 285 
427 0 0 0 0 0 0 289 
402 0 0 0 0 0 0 292 
418 0 0 0 0 0 0 277 
417 0 0 0 0 0 0 274 
412 0 0 0 0 0 0 287 
442 0 0 0 0 0 0 276 
425 0 0 0 0 0 0 225 
485 0 0 0 0 0 0 259 
479 0 0 0 0 0 0 230 
485 0 0 0 0 0 0 272 
482 0 0 0 0 0 0 235 
461 0 0 0 0 0 0 215 
465 0 0 0 0 0 0 232 
489 0 0 0 0 0 0 267 
453 0 0 0 0 0 0 279 
437 0 0 0 0 0 0 242 
479 0 0 0 0 0 0 236 
443 0 0 0 0 0 0 220 
476 0 0 0 0 0 0 218 
481 0 0 0 0 0 0 244 
460 0 0 0 0 0 0 201 
486 0 0 0 0 0 0 177 
474 0 0 0 0 0 0 184 
460 0 0 0 0 0 0 187 
488 0 0 0 0 0 0 163 
476 0 0 0 0 0 0 187 
476 0 0 0 0 0 0 176 
498 0 0 0 0 0 0 202 
464 0 0 0 0 0 0 212 
477 0 0 0 0 0 0 185 
485 0 0 0 0 0 0 215 
474 0 0 0 0 0 0 213 
490 0 0 0 0 0 0 189 
474 0 0 0 0 0 0 220 
446 0 0 0 0 0 0 187 
451 0 0 0 0 0 0 178 
492 0 0 0 0 0 0 241 
475 0 0 0 0 0 0 208 
427 0 0 0 0 0 0 210 
469 0 0 0 0 0 0 241 
480 0 0 0 0 0 0 259 
457 0 0 0 0 0 0 229 
495 0 0 0 0 0 0 232 
502 0 0 0 0 0 0 280 
478 0 0 0 0 0 0 259 
509 0 0 0 0 0 0 255 
502 0 0 0 0 0 0 222 
512 0 0 0 0 0 0 218 
483 0 0 0 0 0 0 243 
504 0 0 0 0 0 0 257 
427 0 0 0 0 0 0 258 
477 0 0 0 0 0 0 280 
519 0 0 0 0 0 0 279 
527 0 0 0 0 0 0 281 
464 0 0 0 0 0 0 311 
484 0 0 0 0 0 0 305 
481 0 0 0 0 0 0 346 
447 0 0 0 0 0 0 299 
493 0 0 0 0 0 0 313 
463 0 0 0 0 0 0 314 
493 0 0 0 0 0 0 301 
473 0 0 0 0 0 0 283 
445 0 0 0 0 0 0 282 
471 0 0 0 0 0 0 286 
444 0 0 0 0 0 0 279 
444 0 0 0 0 0 0 278 
410 0 0 0 0 0 0 302 
458 0 0 0 0 0 0 299 
464 0 0 0 0 0 0 288 
470 0 0 0 0 0 0 309 
508 0 0 0 0 0 0 309 
438 0 0 0 0 0 0 280 
493 0 0 0 0 0 0 289 
452 0 0 0 0 0 0 265 
452 0 0 0 0 0 0 301 
443 0 0 0 0 0 0 273 
465 0 0 0 0 0 0 270 
480 0 0 0 0 0 0 323 
464 0 0 0 0 0 0 307 
453 0 0 0 0 0 0 288 
468 0 0 0 0 0 0 318 
462 0 0 0 0 0 0 310 
455 0 0 0 0 0 0 317 
467 0 0 0 0 0 0 328 
449 0 0 0 0 0 0 316 
435 0 0 0 0 0 0 314 
468 0 0 0 0 0 0 304 
425 0 0 0 0 0 0 329 
464 0 0 0 0 0 0 330 
473 0 0 0 0 0 0 326 
489 0 0 0 0 0 0 324 
524 0 0 0 0 0 0 322 
546 0 0 0 0 0 0 338 
502 0 0 0 0 0 0 322 
496 0 0 0 0 0 0 311 
520 0 0 0 0 0 0 306 
517 0 0 0 0 0 0 305 
514 0 0 0 0 0 0 279 
566 0 0 0 0 0 0 285 
520 0 0 0 0 0 0 285 
524 0 0 0 0 0 0 294 
517 0 0 0 0 0 0 288 
490 0 0 0 0 0 0 287 
470 0 0 0 0 0 0 286 
475 0 0 0 0 0 0 298 
435 0 0 0 0 0 0 273 
445 0 0 0 0 0 0 306 
500 0 0 0 0 0 0 307 
479 0 0 0 0 0 0 290 
524 0 0 0 0 0 0 301 
505 0 0 0 0 0 0 296 
511 0 0 0 0 0 0 286 
527 0 0 0 0 0 0 293 
536 0 0 0 0 0 0 267 
530 0 0 0 0 0 0 301 
523 0 0 0 0 0 0 311 
484 0 0 0 0 0 0 251 
527 0 0 0 0 0 0 249 
524 0 0 0 0 0 0 254 
474 0 0 0 0 0 0 270 
518 0 0 0 0 0 0 256 
536 0 0 0 0 0 0 262 
483 0 0 0 0 0 0 227 
530 0 0 0 0 0 0 225 
536 0 0 0 0 0 0 223 
552 0 0 0 0 0 0 233 
513 0 0 0 0 0 0 249 
543 0 0 0 0 0 0 231 
558 0 0 0 0 0 0 226 
584 0 0 0 0 0 0 221 
548 0 0 0 0 0 0 234 
535 0 0 0 0 0 0 221 
559 0 0 0 0 0 0 238 
513 0 0 0 0 0 0 271 
493 0 0 0 0 0 0 262 
517 0 0 0 0 0 0 268 
530 0 0 0 0 0 0 255 
533 0 0 0 0 0 0 240 
557 0 0 0 0 0 0 198 
568 0 0 0 0 0 0 187 
579 0 0 0 0 0 0 190 
562 0 0 0 0 0 0 214 
593 0 0 0 0 0 0 190 
582 0 0 0 0 0 0 148 
548 0 0 0 0 0 0 158 
637 0 0 0 0 0 0 163 
570 0 0 0 0 0 0 165 
619 0 0 0 0 0 0 172 
608 0 0 0 0 0 0 183 
579 0 0 0 0 0 0 174 
590 0 0 0 0 0 0 182 
580 0 0 0 0 0 0 181 
574 0 0 0 0 0 0 181 
619 0 0 0 0 0 0 206 
597 0 0 0 0 0 0 188 
624 0 0 0 0 0 0 175 
585 0 0 0 0 0 0 171 
615 0 0 0 0 0 0 178 
580 0 0 0 0 0 0 209 
598 0 0 0 0 0 0 203 
576 0 0 0 0 0 0 218 
586 0 0 0 0 0 0 211 
622 0 0 0 0 0 0 219 
616 0 0 0 0 0 0 217 
613 0 0 0 0 0 0 234 
610 0 0 0 0 0 0 231 
635 0 0 0 0 0 0 238 
621 0 0 0 0 0 0 190 
605 0 0 0 0 0 0 202 
593 0 0 0 0 0 0 219 
589 0 0 0 0 0 0 208 
594 0 0 0 0 0 0 201 
591 0 0 0 0 0 0 210 
579 0 0 0 0 0 0 197 
600 0 0 0 0 0 0 211 
628 0 0 0 0 0 0 203 
570 0 0 0 0 0 0 189 
605 0 0 0 0 0 0 173 
599 0 0 0 0 0 0 170 
586 0 0 0 0 0 0 183 
595 0 0 0 0 0 0 167 
568 0 0 0 0 0 0 203 
567 0 0 0 0 0 0 208 
588 0 0 0 0 0 0 195 
584 0 0 0 0 0 0 214 
542 0 0 0 0 0 0 215 
576 0 0 0 0 0 0 203 
572 0 0 0 0 0 0 208 
558 0 0 0 0 0 0 205 
585 0 0 0 0 0 0 236 
562 0 0 0 0 0 0 213 
554 0 0 0 0 0 0 212 
542 0 0 0 0 0 0 231 
523 0 0 0 0 0 0 254 
575 0 0 0 0 0 0 244 
520 0 0 0 0 0 0 226 
551 0 0 0 0 0 0 260 
561 0 0 0 0 0 0 256 
553 0 0 0 0 0 0 259 
542 0 0 0 0 0 0 265 
574 0 0 0 0 0 0 248 
551 0 0 0 0 0 0 262 
576 0 0 0 0 0 0 230 
561 0 0 0 0 0 0 246 
573 0 0 0 0 0 0 241 
564 0 0 0 0 0 0 259 
575 0 0 0 0 0 0 237 
530 0 0 0 0 0 0 240 
586 0 0 0 0 0 0 261 
516 0 0 0 0 0 0 230 
546 0 0 0 0 0 0 243 
541 0 0 0 0 0 0 240 
563 0 0 0 0 0 0 239 
549 0 0 0 0 0 0 235 
531 0 0 0 0 0 0 252 
565 0 0 0 0 0 0 252 
489 0 0 0 0 0 0 263 
529 0 0 0 0 0 0 254 
519 0 0 0 0 0 0 231 
553 0 0 0 0 0 0 209 
583 0 0 0 0 0 0 189 
553 0 0 0 0 0 0 223 
501 0 0 0 0 0 0 231 
492 0 0 0 0 0 0 212 
459 0 0 0 0 0 0 254 
489 0 0 0 0 0 0 248 
471 0 0 0 0 0 0 225 
490 0 0 0 0 0 0 252 
484 0 0 0 0 0 0 277 
500 0 0 0 0 0 0 253 
466 0 0 0 0 0 0 260 
450 0 0 0 0 0 0 272 
470 0 0 0 0 0 0 269 
481 0 0 0 0 0 0 247 
483 0 0 0 0 0 0 240 
496 0 0 0 0 0 0 254 
474 0 0 0 0 0 0 230 
526 0 0 0 0 0 0 218 
478 0 0 0 0 0 0 245 
492 0 0 0 0 0 0 208 
472 0 0 0 0 0 0 219 
487 0 0 0 0 0 0 219 
480 0 0 0 0 0 0 227 
491 0 0 0 0 0 0 220 
453 0 0 0 0 0 0 228 
510 0 0 0 0 0 0 232 
442 0 0 0 0 0 0 234 
481 0 0 0 0 0 0 180 
514 0 0 0 0 0 0 208 
532 0 0 0 0 0 0 191 
535 0 0 0 0 0 0 199 
482 0 0 0 0 0 0 189 
491 0 0 0 0 0 0 164 
535 0 0 0 0 0 0 185 
522 0 0 0 0 0 0 199 
514 0 0 0 0 0 0 205 
499 0 0 0 0 0 0 212 
492 0 0 0 0 0 0 226 
495 0 0 0 0 0 0 209 
492 0 0 0 0 0 0 200 
475 0 0 0 0 0 0 204 
525 0 0 0 0 0 0 173 
507 0 0 0 0 0 0 162 
539 0 0 0 0 0 0 197 
519 0 0 0 0 0 0 162 
508 0 0 0 0 0 0 211 
482 0 0 0 0 0 0 229 
499 0 0 0 0 0 0 228 
537 0 0 0 0 0 0 191 
495 0 0 0 0 0 0 184 
510 0 0 0 0 0 0 217 
529 0 0 0 0 0 0 201 
511 0 0 0 0 0 0 212 
530 0 0 0 0 0 0 248 
565 0 0 0 0 0 0 216 
565 0 0 0 0 0 0 213 
575 0 0 0 0 0 0 214 
557 0 0 0 0 0 0 184 
574 0 0 0 0 0 0 197 
548 0 0 0 0 0 0 185 
573 0 0 0 0 0 0 199 
587 0 0 0 0 0 0 197 
550 0 0 0 0 0 0 179 
596 0 0 0 0 0 0 166 
566 0 0 0 0 0 0 170 
593 0 0 0 0 0 0 167 
538 0 0 0 0 0 0 180 
574 0 0 0 0 0 0 155 
615 0 0 0 0 0 0 165 
620 0 0 0 0 0 0 191 
569 0 0 0 0 0 0 147 
606 0 0 0 0 0 0 152 
558 0 0 0 0 0 0 170 
554 0 0 0 0 0 0 158 
630 0 0 0 0 0 0 152 
603 0 0 0 0 0 0 164 
628 0 0 0 0 0 0 160 
602 0 0 0 0 0 0 157 
627 0 0 0 0 0 0 150 
618 0 0 0 0 0 0 162 
628 0 0 0 0 0 0 168 
657 0 0 0 0 0 0 210 
633 0 0 0 0 0 0 201 
630 0 0 0 0 0 0 194 
615 0 0 0 0 0 0 215 
605 0 0 0 0 0 0 222 
619 0 0 0 0 0 0 242 
610 0 0 0 0 0 0 204 
612 0 0 0 0 0 0 224 
630 0 0 0 0 0 0 211 
606 0 0 0 0 0 0 205 
635 0 0 0 0 0 0 188 
627 0 0 0 0 0 0 248 
605 0 0 0 0 0 0 248 
586 0 0 0 0 0 0 264 
579 0 0 0 0 0 0 218 
606 0 0 0 0 0 0 204 
616 0 0 0 0 0 0 221 
608 0 0 0 0 0 0 202 
560 0 0 0 0 0 0 221 
612 0 0 0 0 0 0 233 
608 0 0 0 0 0 0 243 
551 0 0 0 0 0 0 229 
550 0 0 0 0 0 0 230 
581 0 0 0 0 0 0 235 
589 0 0 0 0 0 0 223 
554 0 0 0 0 0 0 215 
559 0 0 0 0 0 0 234 
584 0 0 0 0 0 0 263 
599 0 0 0 0 0 0 218 
564 0 0 0 0 0 0 251 
565 0 0 0 0 0 0 259 
560 0 0 0 0 0 0 217 
602 0 0 0 0 0 0 225 
589 0 0 0 0 0 0 233 
585 0 0 0 0 0 0 224 
571 0 0 0 0 0 0 218 
562 0 0 0 0 0 0 255 
547 0 0 0 0 0 0 231 
541 0 0 0 0 0 0 268 
549 0 0 0 0 0 0 304 
545 0 0 0 0 0 0 291 
516 0 0 0 0 0 0 295 
527 0 0 0 0 0 0 320 
510 0 0 0 0 0 0 317 
503 0 0 0 0 0 0 339 
481 0 0 0 0 0 0 345 
468 0 0 0 0 0 0 319 
457 0 0 0 0 0 0 316 
477 0 0 0 0 0 0 309 
491 0 0 0 0 0 0 324 
455 0 0 0 0 0 0 325 
460 0 0 0 0 0 0 345 
512 0 0 0 0 0 0 319 
460 0 0 0 0 0 0 337 
439 0 0 0 0 0 0 282 
474 0 0 0 0 0 0 317 
464 0 0 0 0 0 0 339 
459 0 0 0 0 0 0 339 
471 0 0 0 0 0 0 272 
462 0 0 0 0 0 0 313 
441 0 0 0 0 0 0 301 
450 0 0 0 0 0 0 313 
435 0 0 0 0 0 0 303 
456 0 0 0 0 0 0 259 
465 0 0 0 0 0 0 277 
545 0 0 0 0 0 0 248 
573 0 0 0 0 0 0 219 
547 0 0 0 0 0 0 231 
594 0 0 0 0 0 0 217 
555 0 0 0 0 0 0 227 
559 0 0 0 0 0 0 199 
565 0 0 0 0 0 0 231 
545 0 0 0 0 0 0 241 
545 0 0 0 0 0 0 242 
571 0 0 0 0 0 0 216 
562 0 0 0 0 0 0 260 
567 0 0 0 0 0 0 250 
597 0 0 0 0 0 0 252 
570 0 0 0 0 0 0 235 
564 0 0 0 0 0 0 236 
608 0 0 0 0 0 0 236 
586 0 0 0 0 0 0 229 
576 0 0 0 0 0 0 223 
586 0 0 0 0 0 0 252 
596 0 0 0 0 0 0 221 
579 0 0 0 0 0 0 229 
572 0 0 0 0 0 0 240 
557 0 0 0 0 0 0 268 
578 0 0 0 0 0 0 248 
536 0 0 0 0 0 0 247 
550 0 0 0 0 0 0 230 
535 0 0 0 0 0 0 245 
566 0 0 0 0 0 0 232 
574 0 0 0 0 0 0 236 
546 0 0 0 0 0 0 226 
565 0 0 0 0 0 0 241 
542 0 0 0 0 0 0 229 
566 0 0 0 0 0 0 226 
554 0 0 0 0 0 0 224 
542 0 0 0 0 0 0 241 
580 0 0 0 0 0 0 231 
572 0 0 0 0 0 0 245 
568 0 0 0 0 0 0 244 
558 0 0 0 0 0 0 240 
585 0 0 0 0 0 0 239 
548 0 0 0 0 0 0 262 
563 0 0 0 0 0 0 285 
538 0 0 0 0 0 0 264 
541 0 0 0 0 0 0 242 
541 0 0 0 0 0 0 248 
535 0 0 0 0 0 0 282 
531 0 0 0 0 0 0 319 
512 0 0 0 0 0 0 297 
504 0 0 0 0 0 0 289 
506 0 0 0 0 0 0 299 
507 0 0 0 0 0 0 280 
499 0 0 0 0 0 0 305 
538 0 0 0 0 0 0 294 
518 0 0 0 0 0 0 304 
533 0 0 0 0 0 0 352 
538 0 0 0 0 0 0 292 
491 0 0 0 0 0 0 332 
514 0 0 0 0 0 0 339 
510 0 0 0 0 0 0 321 
532 0 0 0 0 0 0 317 
475 0 0 0 0 0 0 318 
494 0 0 0 0 0 0 326 
505 0 0 0 0 0 0 342 
507 0 0 0 0 0 0 319 
537 0 0 0 0 0 0 341 
517 0 0 0 0 0 0 316 
487 0 0 0 0 0 0 342 
493 0 0 0 0 0 0 318 
482 0 0 0 0 0 0 320 
525 0 0 0 0 0 0 333 
527 0 0 0 0 0 0 336 
503 0 0 0 0 0 0 289 
532 0 0 0 0 0 0 311 
528 0 0 0 0 0 0 309 
508 0 0 0 0 0 0 303 
519 0 0 0 0 0 0 306 
497 0 0 0 0 0 0 301 
541 0 0 0 0 0 0 292 
495 0 0 0 0 0 0 282 
529 0 0 0 0 0 0 296 
528 0 0 0 0 0 0 278 
529 0 0 0 0 0 0 298 
528 0 0 0 0 0 0 311 
514 0 0 0 0 0 0 288 
510 0 0 0 0 0 0 311 
548 0 0 0 0 0 0 264 
522 0 0 0 0 0 0 302 
510 0 0 0 0 0 0 264 
507 0 0 0 0 0 0 219 
500 0 0 0 0 0 0 232 
508 0 0 0 0 0 0 231 
508 0 0 0 0 0 0 229 
526 0 0 0 0 0 0 226 
542 0 0 0 0 0 0 237 
559 0 0 0 0 0 0 242 
490 0 0 0 0 0 0 231 
490 0 0 0 0 0 0 240 
498 0 0 0 0 0 0 255 
548 0 0 0 0 0 0 260 
535 0 0 0 0 0 0 317 
538 0 0 0 0 0 0 291 
491 0 0 0 0 0 0 304 
514 0 0 0 0 0 0 297 
503 0 0 0 0 0 0 277 
502 0 0 0 0 0 0 311 
504 0 0 0 0 0 0 301 
528 0 0 0 0 0 0 281 
540 0 0 0 0 0 0 296 
539 0 0 0 0 0 0 302 
533 0 0 0 0 0 0 300 
493 0 0 0 0 0 0 271 
495 0 0 0 0 0 0 311 
478 0 0 0 0 0 0 331 
525 0 0 0 0 0 0 335 
485 0 0 0 0 0 0 330 
505 0 0 0 0 0 0 294 
480 0 0 0 0 0 0 319 
515 0 0 0 0 0 0 322 
501 0 0 0 0 0 0 320 
530 0 0 0 0 0 0 315 
509 0 0 0 0 0 0 334 
527 0 0 0 0 0 0 323 
526 0 0 0 0 0 0 316 
505 0 0 0 0 0 0 309 
516 0 0 0 0 0 0 273 
545 0 0 0 0 0 0 286 
550 0 0 0 0 0 0 274 
502 0 0 0 0 0 0 295 
526 0 0 0 0 0 0 290 
497 0 0 0 0 0 0 307 
520 0 0 0 0 0 0 286 
499 0 0 0 0 0 0 298 
540 0 0 0 0 0 0 304 
484 0 0 0 0 0 0 314 
517 0 0 0 0 0 0 289 
522 0 0 0 0 0 0 326 
533 0 0 0 0 0 0 304 
518 0 0 0 0 0 0 287 
506 0 0 0 0 0 0 301 
460 0 0 0 0 0 0 285 
482 0 0 0 0 0 0 283 
503 0 0 0 0 0 0 298 
521 0 0 0 0 0 0 295 
494 0 0 0 0 0 0 307 
514 0 0 0 0 0 0 322 
506 0 0 0 0 0 0 268 
480 0 0 0 0 0 0 290 
465 0 0 0 0 0 0 282 
508 0 0 0 0 0 0 264 
492 0 0 0 0 0 0 264 
479 0 0 0 0 0 0 290 
454 0 0 0 0 0 0 317 
483 0 0 0 0 0 0 308 
444 0 0 0 0 0 0 314 
456 0 0 0 0 0 0 273 
480 0 0 0 0 0 0 313 
445 0 0 0 0 0 0 271 
485 0 0 0 0 0 0 298 
493 0 0 0 0 0 0 300 
456 0 0 0 0 0 0 300 
450 0 0 0 0 0 0 290 
443 0 0 0 0 0 0 322 
467 0 0 0 0 0 0 307 
516 0 0 0 0 0 0 286 
487 0 0 0 0 0 0 293 
528 0 0 0 0 0 0 299 
495 0 0 0 0 0 0 300 
500 0 0 0 0 0 0 269 
499 0 0 0 0 0 0 270 
512 0 0 0 0 0 0 303 
531 0 0 0 0 0 0 297 
518 0 0 0 0 0 0 285 
494 0 0 0 0 0 0 282 
529 0 0 0 0 0 0 290 
507 0 0 0 0 0 0 318 
555 0 0 0 0 0 0 291 
512 0 0 0 0 0 0 321 
505 0 0 0 0 0 0 300 
501 0 0 0 0 0 0 304 
461 0 0 0 0 0 0 312 
513 0 0 0 0 0 0 309 
475 0 0 0 0 0 0 290 
519 0 0 0 0 0 0 303 
517 0 0 0 0 0 0 294 
494 0 0 0 0 0 0 314 
535 0 0 0 0 0 0 307 
519 0 0 0 0 0 0 290 
524 0 0 0 0 0 0 296 
518 0 0 0 0 0 0 309 
533 0 0 0 0 0 0 301 
559 0 0 0 0 0 0 321 
512 0 0 0 0 0 0 290 
529 0 0 0 0 0 0 321 
543 0 0 0 0 0 0 320 
552 0 0 0 0 0 0 312 
523 0 0 0 0 0 0 297 
515 0 0 0 0 0 0 308 
523 0 0 0 0 0 0 315 
514 0 0 0 0 0 0 290 
484 0 0 0 0 0 0 313 
498 0 0 0 0 0 0 309 
465 0 0 0 0 0 0 297 
486 0 0 0 0 0 0 303 
498 0 0 0 0 0 0 321 
440 0 0 0 0 0 0 322 
491 0 0 0 0 0 0 321 
465 0 0 0 0 0 0 325 
488 0 0 0 0 0 0 331 
462 0 0 0 0 0 0 301 
478 0 0 0 0 0 0 314 
505 0 0 0 0 0 0 351 
506 0 0 0 0 0 0 322 
519 0 0 0 0 0 0 333 
520 0 0 0 0 0 0 314 
507 0 0 0 0 0 0 317 
540 0 0 0 0 0 0 304 
535 0 0 0 0 0 0 305 
528 0 0 0 0 0 0 318 
473 0 0 0 0 0 0 303 
512 0 0 0 0 0 0 293 
528 0 0 0 0 0 0 283 
522 0 0 0 0 0 0 282 
518 0 0 0 0 0 0 321 
546 0 0 0 0 0 0 300 
543 0 0 0 0 0 0 303 
491 0 0 0 0 0 0 289 
547 0 0 0 0 0 0 306 
541 0 0 0 0 0 0 267 
520 0 0 0 0 0 0 272 
502 0 0 0 0 0 0 293 
534 0 0 0 0 0 0 285 
506 0 0 0 0 0 0 320 
496 0 0 0 0 0 0 282 
490 0 0 0 0 0 0 301 
485 0 0 0 0 0 0 259 
462 0 0 0 0 0 0 278 
487 0 0 0 0 0 0 255 
459 0 0 0 0 0 0 232 
477 0 0 0 0 0 0 215 
480 0 0 0 0 0 0 220 
460 0 0 0 0 0 0 223 
453 0 0 0 0 0 0 222 
458 0 0 0 0 0 0 221 
463 0 0 0 0 0 0 240 
474 0 0 0 0 0 0 237 
480 0 0 0 0 0 0 221 
468 0 0 0 0 0 0 229 
433 0 0 0 0 0 0 212 
432 0 0 0 0 0 0 250 
453 0 0 0 0 0 0 202 
441 0 0 0 0 0 0 207 
435 0 0 0 0 0 0 229 
452 0 0 0 0 0 0 198 
466 0 0 0 0 0 0 218 
472 0 0 0 0 0 0 207 
424 0 0 0 0 0 0 256 
458 0 0 0 0 0 0 259 
439 0 0 0 0 0 0 250 
434 0 0 0 0 0 0 217 
491 0 0 0 0 0 0 246 
458 0 0 0 0 0 0 274 
449 0 0 0 0 0 0 263 
423 0 0 0 0 0 0 254 
441 0 0 0 0 0 0 250 
442 0 0 0 0 0 0 255 
460 0 0 0 0 0 0 269 
436 0 0 0 0 0 0 266 
409 0 0 0 0 0 0 247 
429 0 0 0 0 0 0 236 
434 0 0 0 0 0 0 248 
452 0 0 0 0 0 0 270 
465 0 0 0 0 0 0 287 
456 0 0 0 0 0 0 278 
420 0 0 0 0 0 0 296 
428 0 0 0 0 0 0 267 
405 0 0 0 0 0 0 302 
467 0 0 0 0 0 0 275 
455 0 0 0 0 0 0 290 
445 0 0 0 0 0 0 284 
481 0 0 0 0 0 0 282 
475 0 0 0 0 0 0 265 
511 0 0 0 0 0 0 268 
476 0 0 0 0 0 0 268 
477 0 0 0 0 0 0 264 
484 0 0 0 0 0 0 247 
486 0 0 0 0 0 0 288 
452 0 0 0 0 0 0 292 
495 0 0 0 0 0 0 304 
471 0 0 0 0 0 0 303 
457 0 0 0 0 0 0 295 
463 0 0 0 0 0 0 278 
531 0 0 0 0 0 0 283 
469 0 0 0 0 0 0 279 
456 0 0 0 0 0 0 313 
493 0 0 0 0 0 0 280 
506 0 0 0 0 0 0 269 
492 0 0 0 0 0 0 295 
511 0 0 0 0 0 0 263 
482 0 0 0 0 0 0 308 
527 0 0 0 0 0 0 271 
482 0 0 0 0 0 0 263 
467 0 0 0 0 0 0 303 
476 0 0 0 0 0 0 300 
494 0 0 0 0 0 0 306 
476 0 0 0 0 0 0 305 
482 0 0 0 0 0 0 293 
448 0 0 0 0 0 0 317 
451 0 0 0 0 0 0 330 
468 0 0 0 0 0 0 289 
465 0 0 0 0 0 0 329 
475 0 0 0 0 0 0 301 
505 0 0 0 0 0 0 265 
490 0 0 0 0 0 0 265 
512 0 0 0 0 0 0 245 
502 0 0 0 0 0 0 253 
504 0 0 0 0 0 0 266 
467 0 0 0 0 0 0 262 
508 0 0 0 0 0 0 282 
527 0 0 0 0 0 0 268 
487 0 0 0 0 0 0 274 
546 0 0 0 0 0 0 262 
497 0 0 0 0 0 0 261 
497 0 0 0 0 0 0 270 
470 0 0 0 0 0 0 295 
491 0 0 0 0 0 0 271 
464 0 0 0 0 0 0 291 
473 0 0 0 0 0 0 282 
500 0 0 0 0 0 0 304 
520 0 0 0 0 0 0 308 
469 0 0 0 0 0 0 305 
512 0 0 0 0 0 0 292 
495 0 0 0 0 0 0 321 
531 0 0 0 0 0 0 301 
516 0 0 0 0 0 0 307 
496 0 0 0 0 0 0 298 
549 0 0 0 0 0 0 314 
546 0 0 0 0 0 0 317 
530 0 0 0 0 0 0 293 
493 0 0 0 0 0 0 305 
503 0 0 0 0 0 0 316 
496 0 0 0 0 0 0 320 
464 0 0 0 0 0 0 303 
517 0 0 0 0 0 0 319 
526 0 0 0 0 0 0 296 
526 0 0 0 0 0 0 296 
513 0 0 0 0 0 0 300 
503 0 0 0 0 0 0 262 
527 0 0 0 0 0 0 269 
501 0 0 0 0 0 0 259 
505 0 0 0 0 0 0 291 
520 0 0 0 0 0 0 285 
520 0 0 0 0 0 0 257 
511 0 0 0 0 0 0 272 
521 0 0 0 0 0 0 241 
510 0 0 0 0 0 0 270 
516 0 0 0 0 0 0 258 
484 0 0 0 0 0 0 279 
495 0 0 0 0 0 0 270 
487 0 0 0 0 0 0 257 
448 0 0 0 0 0 0 303 
487 0 0 0 0 0 0 263 
463 0 0 0 0 0 0 266 
489 0 0 0 0 0 0 262 
497 0 0 0 0 0 0 272 
472 0 0 0 0 0 0 265 
479 0 0 0 0 0 0 273 
443 0 0 0 0 0 0 279 
518 0 0 0 0 0 0 259 
447 0 0 0 0 0 0 273 
495 0 0 0 0 0 0 283 
534 0 0 0 0 0 0 299 
473 0 0 0 0 0 0 316 
513 0 0 0 0 0 0 282 
506 0 0 0 0 0 0 270 
503 0 0 0 0 0 0 293 
523 0 0 0 0 0 0 282 
509 0 0 0 0 0 0 302 
510 0 0 0 0 0 0 293 
545 0 0 0 0 0 0 253 
483 0 0 0 0 0 0 243 
502 0 0 0 0 0 0 242 
489 0 0 0 0 0 0 238 
496 0 0 0 0 0 0 282 
499 0 0 0 0 0 0 250 
501 0 0 0 0 0 0 258 
524 0 0 0 0 0 0 260 
529 0 0 0 0 0 0 294 
528 0 0 0 0 0 0 268 
535 0 0 0 0 0 0 278 
504 0 0 0 0 0 0 278 
527 0 0 0 0 0 0 268 
553 0 0 0 0 0 0 282 
534 0 0 0 0 0 0 275 
554 0 0 0 0 0 0 307 
534 0 0 0 0 0 0 270 
525 0 0 0 0 0 0 277 
545 0 0 0 0 0 0 271 
514 0 0 0 0 0 0 278 
531 0 0 0 0 0 0 275 
561 0 0 0 0 0 0 271 
506 0 0 0 0 0 0 272 
516 0 0 0 0 0 0 264 
473 0 0 0 0 0 0 269 
519 0 0 0 0 0 0 255 
518 0 0 0 0 0 0 250 
523 0 0 0 0 0 0 260 
502 0 0 0 0 0 0 267 
555 0 0 0 0 0 0 236 
520 0 0 0 0 0 0 265 
538 0 0 0 0 0 0 234 
519 0 0 0 0 0 0 215 
511 0 0 0 0 0 0 217 
511 0 0 0 0 0 0 222 
521 0 0 0 0 0 0 236 
479 0 0 0 0 0 0 252 
488 0 0 0 0 0 0 266 
494 0 0 0 0 0 0 258 
521 0 0 0 0 0 0 260 
514 0 0 0 0 0 0 256 
490 0 0 0 0 0 0 251 
523 0 0 0 0 0 0 232 
469 0 0 0 0 0 0 216 
486 0 0 0 0 0 0 231 
457 0 0 0 0 0 0 206 
463 0 0 0 0 0 0 248 
459 0 0 0 0 0 0 211 
468 0 0 0 0 0 0 250 
494 0 0 0 0 0 0 216 
538 0 0 0 0 0 0 255 
509 0 0 0 0 0 0 219 
509 0 0 0 0 0 0 217 
519 0 0 0 0 0 0 215 
489 0 0 0 0 0 0 247 
523 0 0 0 0 0 0 219 
476 0 0 0 0 0 0 227 
478 0 0 0 0 0 0 258 
507 0 0 0 0 0 0 248 
474 0 0 0 0 0 0 282 
468 0 0 0 0 0 0 254 
468 0 0 0 0 0 0 238 
460 0 0 0 0 0 0 248 
451 0 0 0 0 0 0 239 
441 0 0 0 0 0 0 280 
448 0 0 0 0 0 0 288 
485 0 0 0 0 0 0 280 
461 0 0 0 0 0 0 229 
468 0 0 0 0 0 0 248 
484 0 0 0 0 0 0 243 
515 0 0 0 0 0 0 232 
502 0 0 0 0 0 0 251 
455 0 0 0 0 0 0 232 
488 0 0 0 0 0 0 264 
527 0 0 0 0 0 0 268 
509 0 0 0 0 0 0 288 
500 0 0 0 0 0 0 242 
487 0 0 0 0 0 0 284 
497 0 0 0 0 0 0 275 
525 0 0 0 0 0 0 245 
501 0 0 0 0 0 0 257 
479 0 0 0 0 0 0 274 
479 0 0 0 0 0 0 306 
522 0 0 0 0 0 0 308 
526 0 0 0 0 0 0 317 
508 0 0 0 0 0 0 309 
532 0 0 0 0 0 0 337 
531 0 0 0 0 0 0 353 
529 0 0 0 0 0 0 316 
512 0 0 0 0 0 0 339 
526 0 0 0 0 0 0 303 
531 0 0 0 0 0 0 337 
529 0 0 0 0 0 0 336 
522 0 0 0 0 0 0 309 
533 0 0 0 0 0 0 311 
549 0 0 0 0 0 0 318 
530 0 0 0 0 0 0 289 
525 0 0 0 0 0 0 291 
551 0 0 0 0 0 0 274 
528 0 0 0 0 0 0 288 
535 0 0 0 0 0 0 308 
548 0 0 0 0 0 0 290 
557 0 0 0 0 0 0 280 
568 0 0 0 0 0 0 304 
561 0 0 0 0 0 0 318 
564 0 0 0 0 0 0 287 
550 0 0 0 0 0 0 282 
526 0 0 0 0 0 0 295 
558 0 0 0 0 0 0 304 
560 0 0 0 0 0 0 330 
570 0 0 0 0 0 0 287 
555 0 0 0 0 0 0 328 
593 0 0 0 0 0 0 289 
545 0 0 0 0 0 0 338 
571 0 0 0 0 0 0 312 
545 0 0 0 0 0 0 332 
564 0 0 0 0 0 0 335 
548 0 0 0 0 0 0 314 
541 0 0 0 0 0 0 304 
540 0 0 0 0 0 0 320 
559 0 0 0 0 0 0 334 
555 0 0 0 0 0 0 302 
559 0 0 0 0 0 0 287 
531 0 0 0 0 0 0 312 
522 0 0 0 0 0 0 320 
535 0 0 0 0 0 0 340 
529 0 0 0 0 0 0 305 
515 0 0 0 0 0 0 322 
536 0 0 0 0 0 0 310 
593 0 0 0 0 0 0 310 
561 0 0 0 0 0 0 357 
571 0 0 0 0 0 0 375 
561 0 0 0 0 0 0 329 
571 0 0 0 0 0 0 321 
542 0 0 0 0 0 0 313 
553 0 0 0 0 0 0 306 
546 0 0 0 0 0 0 307 
544 0 0 0 0 0 0 372 
530 0 0 0 0 0 0 387 
546 0 0 0 0 0 0 356 
550 0 0 0 0 0 0 388 
568 0 0 0 0 0 0 340 
530 0 0 0 0 0 0 354 
520 0 0 0 0 0 0 358 
557 0 0 0 0 0 0 359 
528 0 0 0 0 0 0 325 
533 0 0 0 0 0 0 341 
559 0 0 0 0 0 0 357 
534 0 0 0 0 0 0 335 
510 0 0 0 0 0 0 345 
527 0 0 0 0 0 0 339 
504 0 0 0 0 0 0 316 
559 0 0 0 0 0 0 321 
505 0 0 0 0 0 0 346 
524 0 0 0 0 0 0 357 
501 0 0 0 0 0 0 364 
514 0 0 0 0 0 0 366 
533 0 0 0 0 0 0 373 
522 0 0 0 0 0 0 318 
542 0 0 0 0 0 0 359 
546 0 0 0 0 0 0 354 
554 0 0 0 0 0 0 368 
540 0 0 0 0 0 0 354 
538 0 0 0 0 0 0 378 
524 0 0 0 0 0 0 344 
507 0 0 0 0 0 0 378 
510 0 0 0 0 0 0 368 
551 0 0 0 0 0 0 346 
517 0 0 0 0 0 0 347 
542 0 0 0 0 0 0 357 
536 0 0 0 0 0 0 345 
527 0 0 0 0 0 0 343 
555 0 0 0 0 0 0 363 
534 0 0 0 0 0 0 362 
538 0 0 0 0 0 0 364 
553 0 0 0 0 0 0 377 
592 0 0 0 0 0 0 362 
552 0 0 0 0 0 0 331 
572 0 0 0 0 0 0 349 
586 0 0 0 0 0 0 309 
579 0 0 0 0 0 0 340 
558 0 0 0 0 0 0 340 
560 0 0 0 0 0 0 315 
562 0 0 0 0 0 0 342 
541 0 0 0 0 0 0 348 
544 0 0 0 0 0 0 320 
551 0 0 0 0 0 0 337 
531 0 0 0 0 0 0 317 
561 0 0 0 0 0 0 358 
539 0 0 0 0 0 0 354 
553 0 0 0 0 0 0 382 
584 0 0 0 0 0 0 378 
553 0 0 0 0 0 0 382 
569 0 0 0 0 0 0 362 
583 0 0 0 0 0 0 327 
571 0 0 0 0 0 0 342 
587 0 0 0 0 0 0 333 
570 0 0 0 0 0 0 312 
559 0 0 0 0 0 0 339 
555 0 0 0 0 0 0 356 
549 0 0 0 0 0 0 323 
558 0 0 0 0 0 0 312 
566 0 0 0 0 0 0 361 
545 0 0 0 0 0 0 382 
522 0 0 0 0 0 0 380 
570 0 0 0 0 0 0 380 
544 0 0 0 0 0 0 366 
524 0 0 0 0 0 0 367 
566 0 0 0 0 0 0 353 
538 0 0 0 0 0 0 353 
591 0 0 0 0 0 0 337 
536 0 0 0 0 0 0 322 
528 0 0 0 0 0 0 328 
564 0 0 0 0 0 0 311 
550 0 0 0 0 0 0 341 
521 0 0 0 0 0 0 381 
540 0 0 0 0 0 0 367 
486 0 0 0 0 0 0 371 
505 0 0 0 0 0 0 349 
544 0 0 0 0 0 0 355 
504 0 0 0 0 0 0 369 
524 0 0 0 0 0 0 365 
525 0 0 0 0 0 0 370 
523 0 0 0 0 0 0 377 
486 0 0 0 0 0 0 394 
514 0 0 0 0 0 0 367 
534 0 0 0 0 0 0 347 
518 0 0 0 0 0 0 375 
515 0 0 0 0 0 0 378 
526 0 0 0 0 0 0 366 
545 0 0 0 0 0 0 347 
541 0 0 0 0 0 0 368 
539 0 0 0 0 0 0 371 
541 0 0 0 0 0 0 378 
511 0 0 0 0 0 0 377 
514 0 0 0 0 0 0 370 
552 0 0 0 0 0 0 366 
565 0 0 0 0 0 0 349 
544 0 0 0 0 0 0 357 
559 0 0 0 0 0 0 317 
523 0 0 0 0 0 0 316 
528 0 0 0 0 0 0 311 
533 0 0 0 0 0 0 329 
516 0 0 0 0 0 0 328 
516 0 0 0 0 0 0 313 
518 0 0 0 0 0 0 305 
512 0 0 0 0 0 0 310 
495 0 0 0 0 0 0 324 
489 0 0 0 0 0 0 273 
509 0 0 0 0 0 0 293 
547 0 0 0 0 0 0 302 
489 0 0 0 0 0 0 284 
495 0 0 0 0 0 0 321 
502 0 0 0 0 0 0 336 
513 0 0 0 0 0 0 297 
496 0 0 0 0 0 0 288 
475 0 0 0 0 0 0 291 
486 0 0 0 0 0 0 319 
534 0 0 0 0 0 0 310 
515 0 0 0 0 0 0 279 
521 0 0 0 0 0 0 265 
536 0 0 0 0 0 0 237 
524 0 0 0 0 0 0 245 
466 0 0 0 0 0 0 259 
539 0 0 0 0 0 0 255 
487 0 0 0 0 0 0 322 
447 0 0 0 0 0 0 287 
539 0 0 0 0 0 0 293 
515 0 0 0 0 0 0 226 
531 0 0 0 0 0 0 253 
523 0 0 0 0 0 0 276 
490 0 0 0 0 0 0 248 
479 0 0 0 0 0 0 253 
514 0 0 0 0 0 0 260 
520 0 0 0 0 0 0 301 
513 0 0 0 0 0 0 321 
491 0 0 0 0 0 0 350 
503 0 0 0 0 0 0 361 
480 0 0 0 0 0 0 372 
507 0 0 0 0 0 0 401 
479 0 0 0 0 0 0 401 
533 0 0 0 0 0 0 372 
513 0 0 0 0 0 0 378 
500 0 0 0 0 0 0 393 
520 0 0 0 0 0 0 392 
532 0 0 0 0 0 0 381 
553 0 0 0 0 0 0 390 
531 0 0 0 0 0 0 418 
524 0 0 0 0 0 0 395 
490 0 0 0 0 0 0 409 
502 0 0 0 0 0 0 366 
544 0 0 0 0 0 0 405 
516 0 0 0 0 0 0 374 
501 0 0 0 0 0 0 407 
504 0 0 0 0 0 0 381 
534 0 0 0 0 0 0 392 
480 0 0 0 0 0 0 400 
517 0 0 0 0 0 0 361 
542 0 0 0 0 0 0 404 
541 0 0 0 0 0 0 381 
515 0 0 0 0 0 0 390 
543 0 0 0 0 0 0 385 
510 0 0 0 0 0 0 379 
529 0 0 0 0 0 0 389 
535 0 0 0 0 0 0 395 
528 0 0 0 0 0 0 378 
553 0 0 0 0 0 0 359 
534 0 0 0 0 0 0 388 
539 0 0 0 0 0 0 372 
537 0 0 0 0 0 0 378 
542 0 0 0 0 0 0 375 
544 0 0 0 0 0 0 360 
508 0 0 0 0 0 0 380 
538 0 0 0 0 0 0 361 
522 0 0 0 0 0 0 378 
517 0 0 0 0 0 0 395 
483 0 0 0 0 0 0 415 
524 0 0 0 0 0 0 394 
511 0 0 0 0 0 0 398 
518 0 0 0 0 0 0 365 
518 0 0 0 0 0 0 425 
525 0 0 0 0 0 0 356 
515 0 0 0 0 0 0 369 
507 0 0 0 0 0 0 382 
534 0 0 0 0 0 0 357 
515 0 0 0 0 0 0 367 
513 0 0 0 0 0 0 368 
522 0 0 0 0 0 0 377 
532 0 0 0 0 0 0 401 
498 0 0 0 0 0 0 369 
512 0 0 0 0 0 0 411 
522 0 0 0 0 0 0 424 
491 0 0 0 0 0 0 423 
522 0 0 0 0 0 0 439 
519 0 0 0 0 0 0 412 
489 0 0 0 0 0 0 408 
481 0 0 0 0 0 0 452 
539 0 0 0 0 0 0 437 
501 0 0 0 0 0 0 418 
505 0 0 0 0 0 0 438 
484 0 0 0 0 0 0 458 
507 0 0 0 0 0 0 424 
474 0 0 0 0 0 0 450 
486 0 0 0 0 0 0 451 
513 0 0 0 0 0 0 425 
507 0 0 0 0 0 0 409 
494 0 0 0 0 0 0 424 
500 0 0 0 0 0 0 421 
497 0 0 0 0 0 0 395 
514 0 0 0 0 0 0 393 
523 0 0 0 0 0 0 416 
514 0 0 0 0 0 0 390 
473 0 0 0 0 0 0 388 
511 0 0 0 0 0 0 411 
501 0 0 0 0 0 0 392 
491 0 0 0 0 0 0 391 
490 0 0 0 0 0 0 388 
535 0 0 0 0 0 0 439 
502 0 0 0 0 0 0 428 
505 0 0 0 0 0 0 406 
498 0 0 0 0 0 0 378 
535 0 0 0 0 0 0 385 
494 0 0 0 0 0 0 378 
507 0 0 0 0 0 0 382 
512 0 0 0 0 0 0 433 
500 0 0 0 0 0 0 418 
490 0 0 0 0 0 0 370 
518 0 0 0 0 0 0 427 
501 0 0 0 0 0 0 406 
521 0 0 0 0 0 0 427 
516 0 0 0 0 0 0 381 
479 0 0 0 0 0 0 418 
545 0 0 0 0 0 0 453 
518 0 0 0 0 0 0 422 
487 0 0 0 0 0 0 410 
506 0 0 0 0 0 0 409 
492 0 0 0 0 0 0 431 
446 0 0 0 0 0 0 395 
483 0 0 0 0 0 0 379 
492 0 0 0 0 0 0 378 
508 0 0 0 0 0 0 389 
463 0 0 0 0 0 0 382 
478 0 0 0 0 0 0 407 
487 0 0 0 0 0 0 408 
464 0 0 0 0 0 0 432 
477 0 0 0 0 0 0 435 
484 0 0 0 0 0 0 411 
518 0 0 0 0 0 0 425 
500 0 0 0 0 0 0 417 
495 0 0 0 0 0 0 452 
472 0 0 0 0 0 0 462 
491 0 0 0 0 0 0 453 
497 0 0 0 0 0 0 460 
510 0 0 0 0 0 0 438 
499 0 0 0 0 0 0 466 
487 0 0 0 0 0 0 460 
502 0 0 0 0 0 0 475 
492 0 0 0 0 0 0 426 
490 0 0 0 0 0 0 461 
468 0 0 0 0 0 0 421 
482 0 0 0 0 0 0 444 
484 0 0 0 0 0 0 457 
494 0 0 0 0 0 0 435 
427 0 0 0 0 0 0 447 
464 0 0 0 0 0 0 463 
437 0 0 0 0 0 0 465 
463 0 0 0 0 0 0 472 
506 0 0 0 0 0 0 467 
479 0 0 0 0 0 0 448 
475 0 0 0 0 0 0 436 
480 0 0 0 0 0 0 450 
478 0 0 0 0 0 0 451 
497 0 0 0 0 0 0 450 
493 0 0 0 0 0 0 468 
468 0 0 0 0 0 0 448 
487 0 0 0 0 0 0 429 
476 0 0 0 0 0 0 453 
500 0 0 0 0 0 0 422 
497 0 0 0 0 0 0 396 
471 0 0 0 0 0 0 428 
468 0 0 0 0 0 0 415 
497 0 0 0 0 0 0 439 
487 0 0 0 0 0 0 443 
476 0 0 0 0 0 0 426 
479 0 0 0 0 0 0 430 
477 0 0 0 0 0 0 439 
510 0 0 0 0 0 0 386 
491 0 0 0 0 0 0 434 
486 0 0 0 0 0 0 415 
495 0 0 0 0 0 0 432 
496 0 0 0 0 0 0 428 
508 0 0 0 0 0 0 434 
472 0 0 0 0 0 0 438 
467 0 0 0 0 0 0 440 
497 0 0 0 0 0 0 402 
488 0 0 0 0 0 0 403 
494 0 0 0 0 0 0 405 
494 0 0 0 0 0 0 396 
478 0 0 0 0 0 0 419 
463 0 0 0 0 0 0 406 
478 0 0 0 0 0 0 409 
473 0 0 0 0 0 0 431 
475 0 0 0 0 0 0 375 
418 0 0 0 0 0 0 388 
461 0 0 0 0 0 0 424 
465 0 0 0 0 0 0 422 
443 0 0 0 0 0 0 443 
454 0 0 0 0 0 0 423 
484 0 0 0 0 0 0 442 
500 0 0 0 0 0 0 376 
488 0 0 0 0 0 0 455 
489 0 0 0 0 0 0 434 
503 0 0 0 0 0 0 419 
504 0 0 0 0 0 0 421 
481 0 0 0 0 0 0 439 
487 0 0 0 0 0 0 435 
472 0 0 0 0 0 0 451 
513 0 0 0 0 0 0 436 
494 0 0 0 0 0 0 439 
484 0 0 0 0 0 0 461 
476 0 0 0 0 0 0 447 
480 0 0 0 0 0 0 403 
476 0 0 0 0 0 0 422 
451 0 0 0 0 0 0 415 
468 0 0 0 0 0 0 428 
448 0 0 0 0 0 0 440 
444 0 0 0 0 0 0 415 
440 0 0 0 0 0 0 415 
414 0 0 0 0 0 0 414 
408 0 0 0 0 0 0 390 
440 0 0 0 0 0 0 388 
440 0 0 0 0 0 0 407 
437 0 0 0 0 0 0 413 
424 0 0 0 0 0 0 394 
432 0 0 0 0 0 0 429 
444 0 0 0 0 0 0 411 
437 0 0 0 0 0 0 408 
475 0 0 0 0 0 0 432 
429 0 0 0 0 0 0 394 
474 0 0 0 0 0 0 440 
478 0 0 0 0 0 0 412 
455 0 0 0 0 0 0 427 
475 0 0 0 0 0 0 455 
448 0 0 0 0 0 0 475 
459 0 0 0 0 0 0 432 
477 0 0 0 0 0 0 436 
444 0 0 0 0 0 0 437 
518 0 0 0 0 0 0 461 
493 0 0 0 0 0 0 458 
511 0 0 0 0 0 0 426 
494 0 0 0 0 0 0 430 
496 0 0 0 0 0 0 400 
493 0 0 0 0 0 0 423 
487 0 0 0 0 0 0 456 
481 0 0 0 0 0 0 437 
517 0 0 0 0 0 0 444 
508 0 0 0 0 0 0 464 
475 0 0 0 0 0 0 420 
475 0 0 0 0 0 0 441 
488 0 0 0 0 0 0 466 
473 0 0 0 0 0 0 449 
504 0 0 0 0 0 0 446 
529 0 0 0 0 0 0 464 
517 0 0 0 0 0 0 459 
517 0 0 0 0 0 0 449 
485 0 0 0 0 0 0 458 
494 0 0 0 0 0 0 465 
490 0 0 0 0 0 0 477 
476 0 0 0 0 0 0 425 
510 0 0 0 0 0 0 455 
494 0 0 0 0 0 0 432 
499 0 0 0 0 0 0 444 
474 0 0 0 0 0 0 427 
504 0 0 0 0 0 0 404 
468 0 0 0 0 0 0 460 
482 0 0 0 0 0 0 429 
491 0 0 0 0 0 0 416 
469 0 0 0 0 0 0 456 
502 0 0 0 0 0 0 422 
497 0 0 0 0 0 0 453 
474 0 0 0 0 0 0 405 
483 0 0 0 0 0 0 448 
464 0 0 0 0 0 0 423 
521 0 0 0 0 0 0 432 
485 0 0 0 0 0 0 408 
473 0 0 0 0 0 0 443 
511 0 0 0 0 0 0 430 
467 0 0 0 0 0 0 392 
466 0 0 0 0 0 0 419 
477 0 0 0 0 0 0 398 
460 0 0 0 0 0 0 417 
472 0 0 0 0 0 0 397 
478 0 0 0 0 0 0 420 
500 0 0 0 0 0 0 376 
434 0 0 0 0 0 0 379 
465 0 0 0 0 0 0 413 
462 0 0 0 0 0 0 412 
479 0 0 0 0 0 0 427 
460 0 0 0 0 0 0 415 
470 0 0 0 0 0 0 419 
468 0 0 0 0 0 0 413 
504 0 0 0 0 0 0 423 
465 0 0 0 0 0 0 418 
461 0 0 0 0 0 0 430 
450 0 0 0 0 0 0 411 
458 0 0 0 0 0 0 412 
455 0 0 0 0 0 0 415 
466 0 0 0 0 0 0 364 
422 0 0 0 0 0 0 379 
469 0 0 0 0 0 0 389 
425 0 0 0 0 0 0 389 
455 0 0 0 0 0 0 422 
452 0 0 0 0 0 0 376 
468 0 0 0 0 0 0 375 
409 0 0 0 0 0 0 359 
487 0 0 0 0 0 0 431 
482 0 0 0 0 0 0 407 
421 0 0 0 0 0 0 387 
443 0 0 0 0 0 0 423 
450 0 0 0 0 0 0 424 
497 0 0 0 0 0 0 400 
448 0 0 0 0 0 0 366 
434 0 0 0 0 0 0 426 
473 0 0 0 0 0 0 400 
471 0 0 0 0 0 0 395 
439 0 0 0 0 0 0 389 
457 0 0 0 0 0 0 404 
445 0 0 0 0 0 0 412 
433 0 0 0 0 0 0 404 
472 0 0 0 0 0 0 396 
457 0 0 0 0 0 0 373 
455 0 0 0 0 0 0 373 
444 0 0 0 0 0 0 382 
448 0 0 0 0 0 0 400 
452 0 0 0 0 0 0 398 
463 0 0 0 0 0 0 401 
444 0 0 0 0 0 0 386 
458 0 0 0 0 0 0 377 
460 0 0 0 0 0 0 407 
477 0 0 0 0 0 0 411 
437 0 0 0 0 0 0 376 
465 0 0 0 0 0 0 375 
464 0 0 0 0 0 0 404 
490 0 0 0 0 0 0 391 
454 0 0 0 0 0 0 384 
429 0 0 0 0 0 0 410 
435 0 0 0 0 0 0 394 
464 0 0 0 0 0 0 402 
460 0 0 0 0 0 0 412 
459 0 0 0 0 0 0 398 
504 0 0 0 0 0 0 399 
465 0 0 0 0 0 0 426 
469 0 0 0 0 0 0 392 
464 0 0 0 0 0 0 409 
466 0 0 0 0 0 0 425 
462 0 0 0 0 0 0 407 
460 0 0 0 0 0 0 396 
485 0 0 0 0 0 0 428 
472 0 0 0 0 0 0 446 
484 0 0 0 0 0 0 419 
473 0 0 0 0 0 0 409 
452 0 0 0 0 0 0 388 
476 0 0 0 0 0 0 392 
483 0 0 0 0 0 0 396 
452 0 0 0 0 0 0 418 
437 0 0 0 0 0 0 412 
457 0 0 0 0 0 0 388 
449 0 0 0 0 0 0 405 
478 0 0 0 0 0 0 426 
461 0 0 0 0 0 0 378 
501 0 0 0 0 0 0 421 
453 0 0 0 0 0 0 389 
444 0 0 0 0 0 0 440 
507 0 0 0 0 0 0 444 
467 0 0 0 0 0 0 440 
481 0 0 0 0 0 0 419 
460 0 0 0 0 0 0 420 
504 0 0 0 0 0 0 444 
464 0 0 0 0 0 0 461 
474 0 0 0 0 0 0 434 
523 0 0 0 0 0 0 425 
495 0 0 0 0 0 0 423 
517 0 0 0 0 0 0 427 
478 0 0 0 0 0 0 420 
500 0 0 0 0 0 0 458 
451 0 0 0 0 0 0 393 
492 0 0 0 0 0 0 443 
504 0 0 0 0 0 0 427 
517 0 0 0 0 0 0 435 
503 0 0 0 0 0 0 407 
480 0 0 0 0 0 0 435 
488 0 0 0 0 0 0 420 
470 0 0 0 0 0 0 385 
492 0 0 0 0 0 0 456 
492 0 0 0 0 0 0 433 
492 0 0 0 0 0 0 421 
474 0 0 0 0 0 0 423 
472 0 0 0 0 0 0 444 
495 0 0 0 0 0 0 459 
483 0 0 0 0 0 0 451 
478 0 0 0 0 0 0 438 
488 0 0 0 0 0 0 458 
495 0 0 0 0 0 0 433 
485 0 0 0 0 0 0 435 
518 0 0 0 0 0 0 441 
475 0 0 0 0 0 0 437 
498 0 0 0 0 0 0 439 
497 0 0 0 0 0 0 435 
468 0 0 0 0 0 0 423 
481 0 0 0 0 0 0 440 
498 0 0 0 0 0 0 401 
492 0 0 0 0 0 0 396 
509 0 0 0 0 0 0 416 
511 0 0 0 0 0 0 384 
489 0 0 0 0 0 0 453 
515 0 0 0 0 0 0 377 
499 0 0 0 0 0 0 410 
470 0 0 0 0 0 0 403 
459 0 0 0 0 0 0 411 
493 0 0 0 0 0 0 417 
449 0 0 0 0 0 0 432 
503 0 0 0 0 0 0 424 
504 0 0 0 0 0 0 411 
464 0 0 0 0 0 0 424 
489 0 0 0 0 0 0 441 
519 0 0 0 0 0 0 401 
492 0 0 0 0 0 0 415 
447 0 0 0 0 0 0 413 
520 0 0 0 0 0 0 417 
497 0 0 0 0 0 0 401 
500 0 0 0 0 0 0 442 
493 0 0 0 0 0 0 409 
463 0 0 0 0 0 0 429 
488 0 0 0 0 0 0 407 
455 0 0 0 0 0 0 421 
469 0 0 0 0 0 0 422 
491 0 0 0 0 0 0 419 
482 0 0 0 0 0 0 391 
513 0 0 0 0 0 0 418 
487 0 0 0 0 0 0 433 
501 0 0 0 0 0 0 440 
495 0 0 0 0 0 0 397 
513 0 0 0 0 0 0 401 
460 0 0 0 0 0 0 407 
471 0 0 0 0 0 0 402 
458 0 0 0 0 0 0 409 
475 0 0 0 0 0 0 392 
471 0 0 0 0 0 0 405 
452 0 0 0 0 0 0 383 
462 0 0 0 0 0 0 369 
455 0 0 0 0 0 0 372 
473 0 0 0 0 0 0 394 
459 0 0 0 0 0 0 343 
458 0 0 0 0 0 0 378 
479 0 0 0 0 0 0 368 
470 0 0 0 0 0 0 362 
487 0 0 0 0 0 0 378 
479 0 0 0 0 0 0 387 
510 0 0 0 0 0 0 402 
494 0 0 0 0 0 0 432 
504 0 0 0 0 0 0 405 
534 0 0 0 0 0 0 407 
515 0 0 0 0 0 0 416 
495 0 0 0 0 0 0 408 
513 0 0 0 0 0 0 382 
482 0 0 0 0 0 0 376 
494 0 0 0 0 0 0 427 
482 0 0 0 0 0 0 379 
473 0 0 0 0 0 0 406 
465 0 0 0 0 0 0 406 
545 0 0 0 0 0 0 410 
485 0 0 0 0 0 0 393 
523 0 0 0 0 0 0 376 
502 0 0 0 0 0 0 412 
508 0 0 0 0 0 0 394 
509 0 0 0 0 0 0 416 
491 0 0 0 0 0 0 415 
460 0 0 0 0 0 0 423 
451 0 0 0 0 0 0 397 
419 0 0 0 0 0 0 374 
475 0 0 0 0 0 0 380 
467 0 0 0 0 0 0 376 
473 0 0 0 0 0 0 355 
493 0 0 0 0 0 0 413 
461 0 0 0 0 0 0 416 
481 0 0 0 0 0 0 429 
467 0 0 0 0 0 0 391 
444 0 0 0 0 0 0 416 
475 0 0 0 0 0 0 416 
506 0 0 0 0 0 0 448 
461 0 0 0 0 0 0 453 
481 0 0 0 0 0 0 414 
480 0 0 0 0 0 0 424 
461 0 0 0 0 0 0 399 
458 0 0 0 0 0 0 385 
489 0 0 0 0 0 0 390 
494 0 0 0 0 0 0 399 
503 0 0 0 0 0 0 390 
489 0 0 0 0 0 0 366 
479 0 0 0 0 0 0 371 
499 0 0 0 0 0 0 374 
451 0 0 0 0 0 0 403 
464 0 0 0 0 0 0 383 
466 0 0 0 0 0 0 390 
450 0 0 0 0 0 0 384 
476 0 0 0 0 0 0 366 
499 0 0 0 0 0 0 382 
504 0 0 0 0 0 0 375 
505 0 0 0 0 0 0 389 
477 0 0 0 0 0 0 384 
460 0 0 0 0 0 0 365 
476 0 0 0 0 0 0 403 
485 0 0 0 0 0 0 387 
484 0 0 0 0 0 0 383 
493 0 0 0 0 0 0 383 
476 0 0 0 0 0 0 370 
457 0 0 0 0 0 0 370 
452 0 0 0 0 0 0 358 
479 0 0 0 0 0 0 359 
503 0 0 0 0 0 0 340 
466 0 0 0 0 0 0 388 
494 0 0 0 0 0 0 366 
490 0 0 0 0 0 0 371 
509 0 0 0 0 0 0 372 
514 0 0 0 0 0 0 385 
498 0 0 0 0 0 0 370 
515 0 0 0 0 0 0 409 
516 0 0 0 0 0 0 376 
517 0 0 0 0 0 0 370 
505 0 0 0 0 0 0 378 
504 0 0 0 0 0 0 371 
540 0 0 0 0 0 0 399 
488 0 0 0 0 0 0 345 
514 0 0 0 0 0 0 383 
512 0 0 0 0 0 0 386 
515 0 0 0 0 0 0 365 
476 0 0 0 0 0 0 364 
506 0 0 0 0 0 0 407 
512 0 0 0 0 0 0 376 
504 0 0 0 0 0 0 379 
543 0 0 0 0 0 0 377 
513 0 0 0 0 0 0 391 
535 0 0 0 0 0 0 379 
514 0 0 0 0 0 0 347 
495 0 0 0 0 0 0 363 
499 0 0 0 0 0 0 367 
478 0 0 0 0 0 0 371 
467 0 0 0 0 0 0 350 
478 0 0 0 0 0 0 336 
466 0 0 0 0 0 0 360 
465 0 0 0 0 0 0 382 
484 0 0 0 0 0 0 373 
473 0 0 0 0 0 0 355 
500 0 0 0 0 0 0 380 
460 0 0 0 0 0 0 339 
449 0 0 0 0 0 0 354 
469 0 0 0 0 0 0 323 
506 0 0 0 0 0 0 333 
478 0 0 0 0 0 0 334 
491 0 0 0 0 0 0 361 
503 0 0 0 0 0 0 353 
451 0 0 0 0 0 0 368 
475 0 0 0 0 0 0 334 
490 0 0 0 0 0 0 355 
492 0 0 0 0 0 0 363 
481 0 0 0 0 0 0 369 
464 0 0 0 0 0 0 363 
504 0 0 0 0 0 0 379 
452 0 0 0 0 0 0 393 
475 0 0 0 0 0 0 334 
476 0 0 0 0 0 0 352 
481 0 0 0 0 0 0 354 
472 0 0 0 0 0 0 363 
463 0 0 0 0 0 0 360 
469 0 0 0 0 0 0 347 
471 0 0 0 0 0 0 325 
479 0 0 0 0 0 0 334 
489 0 0 0 0 0 0 354 
475 0 0 0 0 0 0 316 
456 0 0 0 0 0 0 312 
452 0 0 0 0 0 0 330 
456 0 0 0 0 0 0 353 
458 0 0 0 0 0 0 354 
430 0 0 0 0 0 0 356 
467 0 0 0 0 0 0 359 
459 0 0 0 0 0 0 342 
498 0 0 0 0 0 0 362 
448 0 0 0 0 0 0 345 
476 0 0 0 0 0 0 355 
475 0 0 0 0 0 0 389 
479 0 0 0 0 0 0 338 
483 0 0 0 0 0 0 365 
496 0 0 0 0 0 0 341 
488 0 0 0 0 0 0 341 
472 0 0 0 0 0 0 402 
458 0 0 0 0 0 0 389 
480 0 0 0 0 0 0 384 
469 0 0 0 0 0 0 382 
444 0 0 0 0 0 0 392 
463 0 0 0 0 0 0 348 
470 0 0 0 0 0 0 321 
476 0 0 0 0 0 0 338 
446 0 0 0 0 0 0 344 
471 0 0 0 0 0 0 384 
474 0 0 0 0 0 0 366 
479 0 0 0 0 0 0 356 
467 0 0 0 0 0 0 348 
462 0 0 0 0 0 0 356 
456 0 0 0 0 0 0 381 
478 0 0 0 0 0 0 366 
449 0 0 0 0 0 0 365 
476 0 0 0 0 0 0 354 
461 0 0 0 0 0 0 347 
462 0 0 0 0 0 0 343 
448 0 0 0 0 0 0 334 
444 0 0 0 0 0 0 365 
432 0 0 0 0 0 0 340 
470 0 0 0 0 0 0 349 
462 0 0 0 0 0 0 359 
464 0 0 0 0 0 0 371 
453 0 0 0 0 0 0 363 
470 0 0 0 0 0 0 356 
491 0 0 0 0 0 0 351 
446 0 0 0 0 0 0 374 
473 0 0 0 0 0 0 366 
473 0 0 0 0 0 0 395 
461 0 0 0 0 0 0 397 
462 0 0 0 0 0 0 374 
471 0 0 0 0 0 0 371 
467 0 0 0 0 0 0 365 
451 0 0 0 0 0 0 373 
497 0 0 0 0 0 0 394 
475 0 0 0 0 0 0 391 
470 0 0 0 0 0 0 368 
504 0 0 0 0 0 0 384 
474 0 0 0 0 0 0 400 
464 0 0 0 0 0 0 348 
476 0 0 0 0 0 0 370 
448 0 0 0 0 0 0 371 
474 0 0 0 0 0 0 399 
469 0 0 0 0 0 0 358 
477 0 0 0 0 0 0 370 
491 0 0 0 0 0 0 362 
482 0 0 0 0 0 0 364 
490 0 0 0 0 0 0 361 
491 0 0 0 0 0 0 393 
492 0 0 0 0 0 0 377 
465 0 0 0 0 0 0 381 
466 0 0 0 0 0 0 371 
508 0 0 0 0 0 0 389 
480 0 0 0 0 0 0 380 
488 0 0 0 0 0 0 382 
460 0 0 0 0 0 0 356 
490 0 0 0 0 0 0 389 
441 0 0 0 0 0 0 366 
430 0 0 0 0 0 0 359 
499 0 0 0 0 0 0 371 
456 0 0 0 0 0 0 360 
433 0 0 0 0 0 0 384 
422 0 0 0 0 0 0 396 
460 0 0 0 0 0 0 359 
452 0 0 0 0 0 0 385 
456 0 0 0 0 0 0 388 
473 0 0 0 0 0 0 354 
458 0 0 0 0 0 0 376 
470 0 0 0 0 0 0 346 
458 0 0 0 0 0 0 371 
430 0 0 0 0 0 0 394 
440 0 0 0 0 0 0 370 
413 0 0 0 0 0 0 365 
464 0 0 0 0 0 0 355 
455 0 0 0 0 0 0 355 
456 0 0 0 0 0 0 375 
451 0 0 0 0 0 0 348 
451 0 0 0 0 0 0 346 
463 0 0 0 0 0 0 368 
459 0 0 0 0 0 0 364 
447 0 0 0 0 0 0 369 
454 0 0 0 0 0 0 379 
467 0 0 0 0 0 0 360 
494 0 0 0 0 0 0 377 
454 0 0 0 0 0 0 358 
472 0 0 0 0 0 0 371 
486 0 0 0 0 0 0 355 
445 0 0 0 0 0 0 355 
467 0 0 0 0 0 0 330 
486 0 0 0 0 0 0 340 
434 0 0 0 0 0 0 349 
484 0 0 0 0 0 0 351 
471 0 0 0 0 0 0 346 
467 0 0 0 0 0 0 312 
465 0 0 0 0 0 0 326 
438 0 0 0 0 0 0 322 
457 0 0 0 0 0 0 355 
468 0 0 0 0 0 0 351 
433 0 0 0 0 0 0 338 
469 0 0 0 0 0 0 331 
436 0 0 0 0 0 0 320 
457 0 0 0 0 0 0 332 
453 0 0 0 0 0 0 324 
451 0 0 0 0 0 0 329 
423 0 0 0 0 0 0 312 
473 0 0 0 0 0 0 305 
455 0 0 0 0 0 0 293 
472 0 0 0 0 0 0 302 
430 0 0 0 0 0 0 282 
442 0 0 0 0 0 0 265 
456 0 0 0 0 0 0 277 
459 0 0 0 0 0 0 300 
444 0 0 0 0 0 0 295 
437 0 0 0 0 0 0 290 
425 0 0 0 0 0 0 300 
455 0 0 0 0 0 0 312 
465 0 0 0 0 0 0 320 
410 0 0 0 0 0 0 292 
453 0 0 0 0 0 0 325 
429 0 0 0 0 0 0 364 
433 0 0 0 0 0 0 369 
410 0 0 0 0 0 0 330 
414 0 0 0 0 0 0 361 
394 0 0 0 0 0 0 327 
441 0 0 0 0 0 0 352 
433 0 0 0 0 0 0 380 
424 0 0 0 0 0 0 359 
428 0 0 0 0 0 0 350 
435 0 0 0 0 0 0 356 
429 0 0 0 0 0 0 337 
456 0 0 0 0 0 0 335 
451 0 0 0 0 0 0 356 
451 0 0 0 0 0 0 340 
420 0 0 0 0 0 0 344 
460 0 0 0 0 0 0 331 
425 0 0 0 0 0 0 332 
446 0 0 0 0 0 0 347 
455 0 0 0 0 0 0 336 
441 0 0 0 0 0 0 336 
457 0 0 0 0 0 0 311 
436 0 0 0 0 0 0 359 
407 0 0 0 0 0 0 361 
450 0 0 0 0 0 0 368 
430 0 0 0 0 0 0 376 
443 0 0 0 0 0 0 373 
440 0 0 0 0 0 0 388 
410 0 0 0 0 0 0 333 
404 0 0 0 0 0 0 359 
406 0 0 0 0 0 0 346 
436 0 0 0 0 0 0 360 
425 0 0 0 0 0 0 348 
449 0 0 0 0 0 0 339 
406 0 0 0 0 0 0 366 
410 0 0 0 0 0 0 356 
439 0 0 0 0 0 0 360 
384 0 0 0 0 0 0 344 
372 0 0 0 0 0 0 331 
415 0 0 0 0 0 0 344 
396 0 0 0 0 0 0 295 
378 0 0 0 0 0 0 344 
386 0 0 0 0 0 0 322 
383 0 0 0 0 0 0 319 
423 0 0 0 0 0 0 338 
392 0 0 0 0 0 0 319 
422 0 0 0 0 0 0 326 
388 0 0 0 0 0 0 330 
401 0 0 0 0 0 0 339 
410 0 0 0 0 0 0 353 
394 0 0 0 0 0 0 314 
403 0 0 0 0 0 0 326 
398 0 0 0 0 0 0 312 
372 0 0 0 0 0 0 310 
378 0 0 0 0 0 0 324 
377 0 0 0 0 0 0 325 
380 0 0 0 0 0 0 312 
372 0 0 0 0 0 0 326 
385 0 0 0 0 0 0 304 
358 0 0 0 0 0 0 322 
368 0 0 0 0 0 0 289 
385 0 0 0 0 0 0 331 
388 0 0 0 0 0 0 327 
381 0 0 0 0 0 0 346 
378 0 0 0 0 0 0 313 
347 0 0 0 0 0 0 304 
361 0 0 0 0 0 0 299 
360 0 0 0 0 0 0 298 
382 0 0 0 0 0 0 281 
374 0 0 0 0 0 0 289 
358 0 0 0 0 0 0 308 
367 0 0 0 0 0 0 322 
401 0 0 0 0 0 0 300 
394 0 0 0 0 0 0 305 
366 0 0 0 0 0 0 314 
384 0 0 0 0 0 0 306 
356 0 0 0 0 0 0 278 
354 0 0 0 0 0 0 263 
377 0 0 0 0 0 0 278 
373 0 0 0 0 0 0 303 
381 0 0 0 0 0 0 298 
407 0 0 0 0 0 0 293 
382 0 0 0 0 0 0 288 
396 0 0 0 0 0 0 329 
390 0 0 0 0 0 0 311 
388 0 0 0 0 0 0 324 
391 0 0 0 0 0 0 324 
374 0 0 0 0 0 0 320 
370 0 0 0 0 0 0 330 
357 0 0 0 0 0 0 314 
377 0 0 0 0 0 0 347 
435 0 0 0 0 0 0 354 
375 0 0 0 0 0 0 344 
397 0 0 0 0 0 0 349 
406 0 0 0 0 0 0 354 
379 0 0 0 0 0 0 345 
374 0 0 0 0 0 0 324 
404 0 0 0 0 0 0 309 
371 0 0 0 0 0 0 308 
358 0 0 0 0 0 0 322 
357 0 0 0 0 0 0 308 
370 0 0 0 0 0 0 331 
361 0 0 0 0 0 0 335 
369 0 0 0 0 0 0 328 
378 0 0 0 0 0 0 337 
376 0 0 0 0 0 0 287 
336 0 0 0 0 0 0 341 
384 0 0 0 0 0 0 341 
366 0 0 0 0 0 0 296 
368 0 0 0 0 0 0 325 
356 0 0 0 0 0 0 325 
385 0 0 0 0 0 0 351 
361 0 0 0 0 0 0 344 
352 0 0 0 0 0 0 330 
391 0 0 0 0 0 0 295 
369 0 0 0 0 0 0 309 
379 0 0 0 0 0 0 312 
376 0 0 0 0 0 0 312 
372 0 0 0 0 0 0 294 
352 0 0 0 0 0 0 278 
368 0 0 0 0 0 0 293 
394 0 0 0 0 0 0 292 
357 0 0 0 0 0 0 336 
359 0 0 0 0 0 0 301 
406 0 0 0 0 0 0 304 
381 0 0 0 0 0 0 282 
413 0 0 0 0 0 0 290 
369 0 0 0 0 0 0 291 
354 0 0 0 0 0 0 296 
377 0 0 0 0 0 0 277 
388 0 0 0 0 0 0 317 
385 0 0 0 0 0 0 311 
358 0 0 0 0 0 0 307 
334 0 0 0 0 0 0 306 
342 0 0 0 0 0 0 283 
381 0 0 0 0 0 0 328 
363 0 0 0 0 0 0 292 
345 0 0 0 0 0 0 344 
356 0 0 0 0 0 0 307 
354 0 0 0 0 0 0 304 
386 0 0 0 0 0 0 340 
399 0 0 0 0 0 0 351 
369 0 0 0 0 0 0 330 
366 0 0 0 0 0 0 299 
370 0 0 0 0 0 0 301 
371 0 0 0 0 0 0 314 
380 0 0 0 0 0 0 314 
415 0 0 0 0 0 0 295 
430 0 0 0 0 0 0 322 
396 0 0 0 0 0 0 316 
418 0 0 0 0 0 0 334 
418 0 0 0 0 0 0 312 
397 0 0 0 0 0 0 305 
405 0 0 0 0 0 0 304 
401 0 0 0 0 0 0 340 
440 0 0 0 0 0 0 375 
456 0 0 0 0 0 0 351 
407 0 0 0 0 0 0 359 
438 0 0 0 0 0 0 340 
427 0 0 0 0 0 0 366 
441 0 0 0 0 0 0 359 
439 0 0 0 0 0 0 346 
448 0 0 0 0 0 0 346 
440 0 0 0 0 0 0 372 
420 0 0 0 0 0 0 370 
450 0 0 0 0 0 0 358 
463 0 0 0 0 0 0 373 
455 0 0 0 0 0 0 388 
496 0 0 0 0 0 0 358 
448 0 0 0 0 0 0 386 
475 0 0 0 0 0 0 367 
468 0 0 0 0 0 0 403 
466 0 0 0 0 0 0 386 
479 0 0 0 0 0 0 348 
480 0 0 0 0 0 0 357 
513 0 0 0 0 0 0 344 
497 0 0 0 0 0 0 328 
515 0 0 0 0 0 0 341 
420 0 0 0 0 0 0 349 
511 0 0 0 0 0 0 336 
502 0 0 0 0 0 0 350 
512 0 0 0 0 0 0 351 
503 0 0 0 0 0 0 325 
524 0 0 0 0 0 0 373 
500 0 0 0 0 0 0 329 
487 0 0 0 0 0 0 350 
511 0 0 0 0 0 0 346 
523 0 0 0 0 0 0 344 
507 0 0 0 0 0 0 360 
481 0 0 0 0 0 0 330 
470 0 0 0 0 0 0 357 
500 0 0 0 0 0 0 348 
483 0 0 0 0 0 0 364 
520 0 0 0 0 0 0 347 
501 0 0 0 0 0 0 335 
533 0 0 0 0 0 0 347 
475 0 0 0 0 0 0 358 
504 0 0 0 0 0 0 369 
512 0 0 0 0 0 0 359 
497 0 0 0 0 0 0 345 
489 0 0 0 0 0 0 355 
540 0 0 0 0 0 0 363 
509 0 0 0 0 0 0 365 
530 0 0 0 0 0 0 352 
458 0 0 0 0 0 0 333 
541 0 0 0 0 0 0 352 
505 0 0 0 0 0 0 356 
509 0 0 0 0 0 0 356 
504 0 0 0 0 0 0 345 
498 0 0 0 0 0 0 371 
529 0 0 0 0 0 0 373 
522 0 0 0 0 0 0 421 
499 0 0 0 0 0 0 357 
487 0 0 0 0 0 0 374 
507 0 0 0 0 0 0 376 
473 0 0 0 0 0 0 350 
520 0 0 0 0 0 0 375 
524 0 0 0 0 0 0 376 
484 0 0 0 0 0 0 373 
503 0 0 0 0 0 0 375 
534 0 0 0 0 0 0 353 
536 0 0 0 0 0 0 374 
512 0 0 0 0 0 0 340 
492 0 0 0 0 0 0 342 
488 0 0 0 0 0 0 351 
492 0 0 0 0 0 0 346 
451 0 0 0 0 0 0 313 
478 0 0 0 0 0 0 340 
440 0 0 0 0 0 0 363 
504 0 0 0 0 0 0 325 
497 0 0 0 0 0 0 315 
480 0 0 0 0 0 0 330 
507 0 0 0 0 0 0 360 
509 0 0 0 0 0 0 340 
503 0 0 0 0 0 0 360 
518 0 0 0 0 0 0 342 
498 0 0 0 0 0 0 365 
522 0 0 0 0 0 0 347 
513 0 0 0 0 0 0 359 
523 0 0 0 0 0 0 347 
509 0 0 0 0 0 0 381 
488 0 0 0 0 0 0 356 
507 0 0 0 0 0 0 351 
499 0 0 0 0 0 0 340 
533 0 0 0 0 0 0 348 
507 0 0 0 0 0 0 353 
494 0 0 0 0 0 0 330 
489 0 0 0 0 0 0 370 
491 0 0 0 0 0 0 339 
504 0 0 0 0 0 0 366 
489 0 0 0 0 0 0 343 
501 0 0 0 0 0 0 333 
490 0 0 0 0 0 0 355 
515 0 0 0 0 0 0 375 
503 0 0 0 0 0 0 358 
521 0 0 0 0 0 0 334 
491 0 0 0 0 0 0 323 
501 0 0 0 0 0 0 354 
483 0 0 0 0 0 0 369 
513 0 0 0 0 0 0 346 
503 0 0 0 0 0 0 364 
483 0 0 0 0 0 0 376 
496 0 0 0 0 0 0 349 
489 0 0 0 0 0 0 367 
500 0 0 0 0 0 0 373 
489 0 0 0 0 0 0 340 
496 0 0 0 0 0 0 362 
464 0 0 0 0 0 0 324 
512 0 0 0 0 0 0 367 
495 0 0 0 0 0 0 375 
500 0 0 0 0 0 0 344 
514 0 0 0 0 0 0 364 
522 0 0 0 0 0 0 357 
497 0 0 0 0 0 0 370 
518 0 0 0 0 0 0 364 
513 0 0 0 0 0 0 350 
466 0 0 0 0 0 0 340 
485 0 0 0 0 0 0 358 
470 0 0 0 0 0 0 340 
480 0 0 0 0 0 0 375 
478 0 0 0 0 0 0 384 
439 0 0 0 0 0 0 395 
390 0 0 0 0 0 0 365 
452 0 0 0 0 0 0 366 
432 0 0 0 0 0 0 367 
420 0 0 0 0 0 0 375 
428 0 0 0 0 0 0 348 
433 0 0 0 0 0 0 335 
408 0 0 0 0 0 0 325 
441 0 0 0 0 0 0 338 
441 0 0 0 0 0 0 355 
423 0 0 0 0 0 0 377 
391 0 0 0 0 0 0 330 
429 0 0 0 0 0 0 357 
471 0 0 0 0 0 0 346 
432 0 0 0 0 0 0 359 
428 0 0 0 0 0 0 354 
431 0 0 0 0 0 0 328 
452 0 0 0 0 0 0 366 
432 0 0 0 0 0 0 370 
443 0 0 0 0 0 0 354 
417 0 0 0 0 0 0 367 
412 0 0 0 0 0 0 353 
405 0 0 0 0 0 0 318 
455 0 0 0 0 0 0 361 
426 0 0 0 0 0 0 325 
448 0 0 0 0 0 0 356 
421 0 0 0 0 0 0 346 
405 0 0 0 0 0 0 342 
398 0 0 0 0 0 0 344 
432 0 0 0 0 0 0 346 
433 0 0 0 0 0 0 322 
391 0 0 0 0 0 0 328 
394 0 0 0 0 0 0 337 
425 0 0 0 0 0 0 331 
427 0 0 0 0 0 0 357 
442 0 0 0 0 0 0 337 
430 0 0 0 0 0 0 319 
421 0 0 0 0 0 0 331 
393 0 0 0 0 0 0 334 
428 0 0 0 0 0 0 329 
437 0 0 0 0 0 0 365 
429 0 0 0 0 0 0 334 
422 0 0 0 0 0 0 331 
407 0 0 0 0 0 0 325 
450 0 0 0 0 0 0 395 
438 0 0 0 0 0 0 358 
491 0 0 0 0 0 0 380 
462 0 0 0 0 0 0 366 
435 0 0 0 0 0 0 368 
459 0 0 0 0 0 0 366 
453 0 0 0 0 0 0 369 
478 0 0 0 0 0 0 351 
452 0 0 0 0 0 0 389 
469 0 0 0 0 0 0 382 
457 0 0 0 0 0 0 383 
445 0 0 0 0 0 0 375 
488 0 0 0 0 0 0 393 
477 0 0 0 0 0 0 385 
457 0 0 0 0 0 0 386 
429 0 0 0 0 0 0 365 
485 0 0 0 0 0 0 398 
471 0 0 0 0 0 0 360 
485 0 0 0 0 0 0 359 
467 0 0 0 0 0 0 395 
475 0 0 0 0 0 0 403 
503 0 0 0 0 0 0 396 
463 0 0 0 0 0 0 411 
453 0 0 0 0 0 0 383 
462 0 0 0 0 0 0 364 
464 0 0 0 0 0 0 366 
472 0 0 0 0 0 0 413 
482 0 0 0 0 0 0 385 
449 0 0 0 0 0 0 356 
460 0 0 0 0 0 0 388 
460 0 0 0 0 0 0 361 
453 0 0 0 0 0 0 380 
457 0 0 0 0 0 0 373 
439 0 0 0 0 0 0 385 
437 0 0 0 0 0 0 363 
411 0 0 0 0 0 0 329 
462 0 0 0 0 0 0 341 
458 0 0 0 0 0 0 355 
454 0 0 0 0 0 0 352 
438 0 0 0 0 0 0 340 
434 0 0 0 0 0 0 331 
421 0 0 0 0 0 0 326 
413 0 0 0 0 0 0 337 
469 0 0 0 0 0 0 331 
478 0 0 0 0 0 0 335 
429 0 0 0 0 0 0 321 
454 0 0 0 0 0 0 318 
440 0 0 0 0 0 0 320 
461 0 0 0 0 0 0 338 
458 0 0 0 0 0 0 299 
429 0 0 0 0 0 0 320 
441 0 0 0 0 0 0 315 
479 0 0 0 0 0 0 344 
454 0 0 0 0 0 0 340 
470 0 0 0 0 0 0 375 
445 0 0 0 0 0 0 354 
472 0 0 0 0 0 0 397 
499 0 0 0 0 0 0 399 
496 0 0 0 0 0 0 354 
451 0 0 0 0 0 0 361 
464 0 0 0 0 0 0 360 
469 0 0 0 0 0 0 371 
503 0 0 0 0 0 0 358 
482 0 0 0 0 0 0 342 
469 0 0 0 0 0 0 357 
462 0 0 0 0 0 0 363 
484 0 0 0 0 0 0 353 
450 0 0 0 0 0 0 394 
498 0 0 0 0 0 0 376 
428 0 0 0 0 0 0 372 
502 0 0 0 0 0 0 377 
475 0 0 0 0 0 0 366 
477 0 0 0 0 0 0 373 
486 0 0 0 0 0 0 379 
481 0 0 0 0 0 0 340 
495 0 0 0 0 0 0 372 
489 0 0 0 0 0 0 367 
491 0 0 0 0 0 0 374 
466 0 0 0 0 0 0 388 
419 0 0 0 0 0 0 374 
422 0 0 0 0 0 0 338 
460 0 0 0 0 0 0 363 
433 0 0 0 0 0 0 391 
471 0 0 0 0 0 0 382 
436 0 0 0 0 0 0 344 
461 0 0 0 0 0 0 371 
466 0 0 0 0 0 0 367 
452 0 0 0 0 0 0 386 
456 0 0 0 0 0 0 369 
463 0 0 0 0 0 0 384 
442 0 0 0 0 0 0 370 
511 0 0 0 0 0 0 380 
496 0 0 0 0 0 0 390 
453 0 0 0 0 0 0 348 
475 0 0 0 0 0 0 371 
464 0 0 0 0 0 0 388 
459 0 0 0 0 0 0 339 
458 0 0 0 0 0 0 379 
461 0 0 0 0 0 0 351 
475 0 0 0 0 0 0 368 
506 0 0 0 0 0 0 348 
480 0 0 0 0 0 0 389 
468 0 0 0 0 0 0 364 
481 0 0 0 0 0 0 388 
460 0 0 0 0 0 0 332 
509 0 0 0 0 0 0 382 
459 0 0 0 0 0 0 334 
492 0 0 0 0 0 0 348 
482 0 0 0 0 0 0 377 
486 0 0 0 0 0 0 342 
503 0 0 0 0 0 0 370 
514 0 0 0 0 0 0 357 
533 0 0 0 0 0 0 339 
535 0 0 0 0 0 0 370 
558 0 0 0 0 0 0 375 
494 0 0 0 0 0 0 388 
521 0 0 0 0 0 0 352 
537 0 0 0 0 0 0 370 
533 0 0 0 0 0 0 421 
529 0 0 0 0 0 0 386 
529 0 0 0 0 0 0 347 
539 0 0 0 0 0 0 377 
554 0 0 0 0 0 0 367 
537 0 0 0 0 0 0 374 
526 0 0 0 0 0 0 360 
493 0 0 0 0 0 0 372 
508 0 0 0 0 0 0 338 
499 0 0 0 0 0 0 405 
492 0 0 0 0 0 0 368 
483 0 0 0 0 0 0 337 
512 0 0 0 0 0 0 352 
534 0 0 0 0 0 0 344 
508 0 0 0 0 0 0 345 
480 0 0 0 0 0 0 365 
501 0 0 0 0 0 0 372 
489 0 0 0 0 0 0 375 
494 0 0 0 0 0 0 344 
478 0 0 0 0 0 0 388 
497 0 0 0 0 0 0 380 
466 0 0 0 0 0 0 318 
502 0 0 0 0 0 0 329 
461 0 0 0 0 0 0 334 
466 0 0 0 0 0 0 320 
470 0 0 0 0 0 0 337 
485 0 0 0 0 0 0 341 
446 0 0 0 0 0 0 327 
488 0 0 0 0 0 0 335 
459 0 0 0 0 0 0 370 
474 0 0 0 0 0 0 366 
447 0 0 0 0 0 0 368 
441 0 0 0 0 0 0 379 
415 0 0 0 0 0 0 370 
429 0 0 0 0 0 0 348 
489 0 0 0 0 0 0 413 
495 0 0 0 0 0 0 388 
460 0 0 0 0 0 0 382 
469 0 0 0 0 0 0 383 
536 0 0 0 0 0 0 405 
526 0 0 0 0 0 0 382 
516 0 0 0 0 0 0 383 
514 0 0 0 0 0 0 390 
494 0 0 0 0 0 0 384 
491 0 0 0 0 0 0 387 
487 0 0 0 0 0 0 318 
477 0 0 0 0 0 0 367 
507 0 0 0 0 0 0 369 
448 0 0 0 0 0 0 355 
504 0 0 0 0 0 0 356 
491 0 0 0 0 0 0 364 
495 0 0 0 0 0 0 389 
549 0 0 0 0 0 0 367 
516 0 0 0 0 0 0 395 
522 0 0 0 0 0 0 339 
492 0 0 0 0 0 0 403 
490 0 0 0 0 0 0 393 
489 0 0 0 0 0 0 381 
477 0 0 0 0 0 0 398 
474 0 0 0 0 0 0 385 
464 0 0 0 0 0 0 373 
510 0 0 0 0 0 0 366 
513 0 0 0 0 0 0 401 
480 0 0 0 0 0 0 394 
494 0 0 0 0 0 0 366 
494 0 0 0 0 0 0 400 
527 0 0 0 0 0 0 386 
475 0 0 0 0 0 0 373 
472 0 0 0 0 0 0 375 
463 0 0 0 0 0 0 333 
486 0 0 0 0 0 0 383 
459 0 0 0 0 0 0 340 
467 0 0 0 0 0 0 391 
472 0 0 0 0 0 0 370 
507 0 0 0 0 0 0 352 
471 0 0 0 0 0 0 345 
493 0 0 0 0 0 0 345 
461 0 0 0 0 0 0 330 
492 0 0 0 0 0 0 334 
471 0 0 0 0 0 0 349 
487 0 0 0 0 0 0 364 
503 0 0 0 0 0 0 381 
490 0 0 0 0 0 0 383 
489 0 0 0 0 0 0 341 
490 0 0 0 0 0 0 378 
519 0 0 0 0 0 0 383 
515 0 0 0 0 0 0 347 
523 0 0 0 0 0 0 384 
502 0 0 0 0 0 0 363 
491 0 0 0 0 0 0 382 
510 0 0 0 0 0 0 394 
493 0 0 0 0 0 0 414 
502 0 0 0 0 0 0 400 
491 0 0 0 0 0 0 412 
544 0 0 0 0 0 0 413 
500 0 0 0 0 0 0 411 
467 0 0 0 0 0 0 410 
501 0 0 0 0 0 0 382 
462 0 0 0 0 0 0 379 
509 0 0 0 0 0 0 407 
513 0 0 0 0 0 0 417 
539 0 0 0 0 0 0 400 
507 0 0 0 0 0 0 398 
523 0 0 0 0 0 0 394 
470 0 0 0 0 0 0 433 
495 0 0 0 0 0 0 382 
519 0 0 0 0 0 0 413 
502 0 0 0 0 0 0 413 
521 0 0 0 0 0 0 412 
510 0 0 0 0 0 0 401 
510 0 0 0 0 0 0 410 
515 0 0 0 0 0 0 413 
498 0 0 0 0 0 0 422 
525 0 0 0 0 0 0 425 
515 0 0 0 0 0 0 392 
519 0 0 0 0 0 0 397 
510 0 0 0 0 0 0 421 
507 0 0 0 0 0 0 435 
488 0 0 0 0 0 0 400 
501 0 0 0 0 0 0 428 
501 0 0 0 0 0 0 421 
484 0 0 0 0 0 0 392 
484 0 0 0 0 0 0 419 
497 0 0 0 0 0 0 395 
500 0 0 0 0 0 0 414 
475 0 0 0 0 0 0 439 
484 0 0 0 0 0 0 431 
496 0 0 0 0 0 0 411 
479 0 0 0 0 0 0 424 
498 0 0 0 0 0 0 420 
430 0 0 0 0 0 0 402 
462 0 0 0 0 0 0 385 
474 0 0 0 0 0 0 395 
506 0 0 0 0 0 0 416 
